{
  "C:\\Users\\micka\\Documents\\GitHub\\Testez-une-application-full-stack\\front\\src\\polyfills.ts": {
    "path": "C:\\Users\\micka\\Documents\\GitHub\\Testez-une-application-full-stack\\front\\src\\polyfills.ts",
    "statementMap": {},
    "fnMap": {},
    "branchMap": {},
    "s": {},
    "f": {},
    "b": {},
    "inputSourceMap": {
      "version": 3,
      "names": [],
      "sources": [
        "C:\\Users\\micka\\Documents\\GitHub\\Testez-une-application-full-stack\\front\\src\\polyfills.ts"
      ],
      "sourcesContent": [
        "/**\r\n * This file includes polyfills needed by Angular and is loaded before the app.\r\n * You can add your own extra polyfills to this file.\r\n *\r\n * This file is divided into 2 sections:\r\n *   1. Browser polyfills. These are applied before loading ZoneJS and are sorted by browsers.\r\n *   2. Application imports. Files imported after ZoneJS that should be loaded before your main\r\n *      file.\r\n *\r\n * The current setup is for so-called \"evergreen\" browsers; the last versions of browsers that\r\n * automatically update themselves. This includes recent versions of Safari, Chrome (including\r\n * Opera), Edge on the desktop, and iOS and Chrome on mobile.\r\n *\r\n * Learn more in https://angular.io/guide/browser-support\r\n */\r\n\r\n/***************************************************************************************************\r\n * BROWSER POLYFILLS\r\n */\r\n\r\n/**\r\n * By default, zone.js will patch all possible macroTask and DomEvents\r\n * user can disable parts of macroTask/DomEvents patch by setting following flags\r\n * because those flags need to be set before `zone.js` being loaded, and webpack\r\n * will put import in the top of bundle, so user need to create a separate file\r\n * in this directory (for example: zone-flags.ts), and put the following flags\r\n * into that file, and then add the following code before importing zone.js.\r\n * import './zone-flags';\r\n *\r\n * The flags allowed in zone-flags.ts are listed here.\r\n *\r\n * The following flags will work for all browsers.\r\n *\r\n * (window as any).__Zone_disable_requestAnimationFrame = true; // disable patch requestAnimationFrame\r\n * (window as any).__Zone_disable_on_property = true; // disable patch onProperty such as onclick\r\n * (window as any).__zone_symbol__UNPATCHED_EVENTS = ['scroll', 'mousemove']; // disable patch specified eventNames\r\n *\r\n *  in IE/Edge developer tools, the addEventListener will also be wrapped by zone.js\r\n *  with the following flag, it will bypass `zone.js` patch for IE/Edge\r\n *\r\n *  (window as any).__Zone_enable_cross_context_check = true;\r\n *\r\n */\r\n\r\n/***************************************************************************************************\r\n * Zone JS is required by default for Angular itself.\r\n */\r\nimport 'zone.js';  // Included with Angular CLI.\r\n\r\n\r\n/***************************************************************************************************\r\n * APPLICATION IMPORTS\r\n */\r\n"
      ],
      "mappings": "AAAA;;;;;;;;;;;;;;;AAgBA;;;AAIA;;;;;;;;;;;;;;;;;;;;;;;AAwBA;;;AAGA,OAAO,SAAS,CAAC,CAAE;AAGnB",
      "ignoreList": []
    },
    "_coverageSchema": "1a1c01bbd47fc00a2c39e90264f33305004495a9",
    "hash": "da8d787ce08a27162b66d4a4d55b63a1b0141d71"
  },
  "C:\\Users\\micka\\Documents\\GitHub\\Testez-une-application-full-stack\\front\\src\\app\\services\\session.service.ts": {
    "path": "C:\\Users\\micka\\Documents\\GitHub\\Testez-une-application-full-stack\\front\\src\\app\\services\\session.service.ts",
    "statementMap": {
      "0": {
        "start": {
          "line": 3,
          "column": 41
        },
        "end": {
          "line": 35,
          "column": 4
        }
      },
      "1": {
        "start": {
          "line": 6,
          "column": 6
        },
        "end": {
          "line": 6,
          "column": 28
        }
      },
      "2": {
        "start": {
          "line": 7,
          "column": 6
        },
        "end": {
          "line": 7,
          "column": 64
        }
      },
      "3": {
        "start": {
          "line": 10,
          "column": 6
        },
        "end": {
          "line": 10,
          "column": 49
        }
      },
      "4": {
        "start": {
          "line": 13,
          "column": 6
        },
        "end": {
          "line": 13,
          "column": 37
        }
      },
      "5": {
        "start": {
          "line": 14,
          "column": 6
        },
        "end": {
          "line": 14,
          "column": 27
        }
      },
      "6": {
        "start": {
          "line": 15,
          "column": 6
        },
        "end": {
          "line": 15,
          "column": 18
        }
      },
      "7": {
        "start": {
          "line": 18,
          "column": 6
        },
        "end": {
          "line": 18,
          "column": 42
        }
      },
      "8": {
        "start": {
          "line": 19,
          "column": 6
        },
        "end": {
          "line": 19,
          "column": 28
        }
      },
      "9": {
        "start": {
          "line": 20,
          "column": 6
        },
        "end": {
          "line": 20,
          "column": 18
        }
      },
      "10": {
        "start": {
          "line": 23,
          "column": 6
        },
        "end": {
          "line": 23,
          "column": 47
        }
      },
      "11": {
        "start": {
          "line": 26,
          "column": 2
        },
        "end": {
          "line": 28,
          "column": 4
        }
      },
      "12": {
        "start": {
          "line": 27,
          "column": 4
        },
        "end": {
          "line": 27,
          "column": 39
        }
      },
      "13": {
        "start": {
          "line": 29,
          "column": 2
        },
        "end": {
          "line": 33,
          "column": 5
        }
      },
      "14": {
        "start": {
          "line": 34,
          "column": 2
        },
        "end": {
          "line": 34,
          "column": 24
        }
      }
    },
    "fnMap": {
      "0": {
        "name": "(anonymous_0)",
        "decl": {
          "start": {
            "line": 3,
            "column": 42
          },
          "end": {
            "line": 3,
            "column": 43
          }
        },
        "loc": {
          "start": {
            "line": 3,
            "column": 48
          },
          "end": {
            "line": 35,
            "column": 1
          }
        },
        "line": 3
      },
      "1": {
        "name": "(anonymous_1)",
        "decl": {
          "start": {
            "line": 5,
            "column": 4
          },
          "end": {
            "line": 5,
            "column": 5
          }
        },
        "loc": {
          "start": {
            "line": 5,
            "column": 18
          },
          "end": {
            "line": 8,
            "column": 5
          }
        },
        "line": 5
      },
      "2": {
        "name": "(anonymous_2)",
        "decl": {
          "start": {
            "line": 9,
            "column": 4
          },
          "end": {
            "line": 9,
            "column": 5
          }
        },
        "loc": {
          "start": {
            "line": 9,
            "column": 16
          },
          "end": {
            "line": 11,
            "column": 5
          }
        },
        "line": 9
      },
      "3": {
        "name": "(anonymous_3)",
        "decl": {
          "start": {
            "line": 12,
            "column": 4
          },
          "end": {
            "line": 12,
            "column": 5
          }
        },
        "loc": {
          "start": {
            "line": 12,
            "column": 16
          },
          "end": {
            "line": 16,
            "column": 5
          }
        },
        "line": 12
      },
      "4": {
        "name": "(anonymous_4)",
        "decl": {
          "start": {
            "line": 17,
            "column": 4
          },
          "end": {
            "line": 17,
            "column": 5
          }
        },
        "loc": {
          "start": {
            "line": 17,
            "column": 13
          },
          "end": {
            "line": 21,
            "column": 5
          }
        },
        "line": 17
      },
      "5": {
        "name": "(anonymous_5)",
        "decl": {
          "start": {
            "line": 22,
            "column": 4
          },
          "end": {
            "line": 22,
            "column": 5
          }
        },
        "loc": {
          "start": {
            "line": 22,
            "column": 11
          },
          "end": {
            "line": 24,
            "column": 5
          }
        },
        "line": 22
      },
      "6": {
        "name": "SessionService_Factory",
        "decl": {
          "start": {
            "line": 26,
            "column": 33
          },
          "end": {
            "line": 26,
            "column": 55
          }
        },
        "loc": {
          "start": {
            "line": 26,
            "column": 59
          },
          "end": {
            "line": 28,
            "column": 3
          }
        },
        "line": 26
      }
    },
    "branchMap": {
      "0": {
        "loc": {
          "start": {
            "line": 27,
            "column": 16
          },
          "end": {
            "line": 27,
            "column": 35
          }
        },
        "type": "binary-expr",
        "locations": [
          {
            "start": {
              "line": 27,
              "column": 16
            },
            "end": {
              "line": 27,
              "column": 17
            }
          },
          {
            "start": {
              "line": 27,
              "column": 21
            },
            "end": {
              "line": 27,
              "column": 35
            }
          }
        ],
        "line": 27
      }
    },
    "s": {
      "0": 35,
      "1": 35,
      "2": 35,
      "3": 1994,
      "4": 19,
      "5": 19,
      "6": 19,
      "7": 4,
      "8": 4,
      "9": 4,
      "10": 23,
      "11": 35,
      "12": 35,
      "13": 35,
      "14": 35
    },
    "f": {
      "0": 35,
      "1": 35,
      "2": 1994,
      "3": 19,
      "4": 4,
      "5": 23,
      "6": 35
    },
    "b": {
      "0": [
        35,
        35
      ]
    },
    "inputSourceMap": {
      "version": 3,
      "names": [
        "BehaviorSubject",
        "SessionService",
        "constructor",
        "isLogged",
        "isLoggedSubject",
        "$isLogged",
        "asObservable",
        "logIn",
        "user",
        "sessionInformation",
        "next",
        "logOut",
        "undefined",
        "factory",
        "ɵfac",
        "providedIn"
      ],
      "sources": [
        "C:\\Users\\micka\\Documents\\GitHub\\Testez-une-application-full-stack\\front\\src\\app\\services\\session.service.ts"
      ],
      "sourcesContent": [
        "import { Injectable } from '@angular/core';\r\nimport { BehaviorSubject, Observable } from 'rxjs';\r\nimport { SessionInformation } from '../interfaces/sessionInformation.interface';\r\n\r\n@Injectable({\r\n  providedIn: 'root'\r\n})\r\nexport class SessionService {\r\n\r\n  public isLogged = false;\r\n  public sessionInformation: SessionInformation | undefined;\r\n\r\n  private isLoggedSubject = new BehaviorSubject<boolean>(this.isLogged);\r\n\r\n  public $isLogged(): Observable<boolean> {\r\n    return this.isLoggedSubject.asObservable();\r\n  }\r\n\r\n  public logIn(user: SessionInformation): void {\r\n    this.sessionInformation = user;\r\n    this.isLogged = true;\r\n    this.next();\r\n  }\r\n\r\n  public logOut(): void {\r\n    this.sessionInformation = undefined;\r\n    this.isLogged = false;\r\n    this.next();\r\n  }\r\n\r\n  private next(): void {\r\n    this.isLoggedSubject.next(this.isLogged);\r\n  }\r\n}\r\n"
      ],
      "mappings": "AACA,SAASA,eAAe,QAAoB,MAAM;;AAMlD,WAAaC,cAAc;EAArB,MAAOA,cAAc;IAH3BC,YAAA;MAKS,KAAAC,QAAQ,GAAG,KAAK;MAGf,KAAAC,eAAe,GAAG,IAAIJ,eAAe,CAAU,IAAI,CAACG,QAAQ,CAAC;;IAE9DE,SAASA,CAAA;MACd,OAAO,IAAI,CAACD,eAAe,CAACE,YAAY,EAAE;IAC5C;IAEOC,KAAKA,CAACC,IAAwB;MACnC,IAAI,CAACC,kBAAkB,GAAGD,IAAI;MAC9B,IAAI,CAACL,QAAQ,GAAG,IAAI;MACpB,IAAI,CAACO,IAAI,EAAE;IACb;IAEOC,MAAMA,CAAA;MACX,IAAI,CAACF,kBAAkB,GAAGG,SAAS;MACnC,IAAI,CAACT,QAAQ,GAAG,KAAK;MACrB,IAAI,CAACO,IAAI,EAAE;IACb;IAEQA,IAAIA,CAAA;MACV,IAAI,CAACN,eAAe,CAACM,IAAI,CAAC,IAAI,CAACP,QAAQ,CAAC;IAC1C;;;qBAzBWF,cAAc;EAAA;;WAAdA,cAAc;IAAAY,OAAA,EAAdZ,cAAc,CAAAa,IAAA;IAAAC,UAAA,EAFb;EAAM;EAAA,OAEPd,cAAc;AAAA",
      "ignoreList": []
    },
    "_coverageSchema": "1a1c01bbd47fc00a2c39e90264f33305004495a9",
    "hash": "2eff188b77019d5d9650617ee56b92f9e082f931"
  },
  "C:\\Users\\micka\\Documents\\GitHub\\Testez-une-application-full-stack\\front\\src\\app\\services\\user.service.ts": {
    "path": "C:\\Users\\micka\\Documents\\GitHub\\Testez-une-application-full-stack\\front\\src\\app\\services\\user.service.ts",
    "statementMap": {
      "0": {
        "start": {
          "line": 3,
          "column": 38
        },
        "end": {
          "line": 25,
          "column": 4
        }
      },
      "1": {
        "start": {
          "line": 6,
          "column": 6
        },
        "end": {
          "line": 6,
          "column": 35
        }
      },
      "2": {
        "start": {
          "line": 7,
          "column": 6
        },
        "end": {
          "line": 7,
          "column": 36
        }
      },
      "3": {
        "start": {
          "line": 10,
          "column": 6
        },
        "end": {
          "line": 10,
          "column": 62
        }
      },
      "4": {
        "start": {
          "line": 13,
          "column": 6
        },
        "end": {
          "line": 13,
          "column": 65
        }
      },
      "5": {
        "start": {
          "line": 16,
          "column": 2
        },
        "end": {
          "line": 18,
          "column": 4
        }
      },
      "6": {
        "start": {
          "line": 17,
          "column": 4
        },
        "end": {
          "line": 17,
          "column": 62
        }
      },
      "7": {
        "start": {
          "line": 19,
          "column": 2
        },
        "end": {
          "line": 23,
          "column": 5
        }
      },
      "8": {
        "start": {
          "line": 24,
          "column": 2
        },
        "end": {
          "line": 24,
          "column": 21
        }
      }
    },
    "fnMap": {
      "0": {
        "name": "(anonymous_0)",
        "decl": {
          "start": {
            "line": 3,
            "column": 39
          },
          "end": {
            "line": 3,
            "column": 40
          }
        },
        "loc": {
          "start": {
            "line": 3,
            "column": 45
          },
          "end": {
            "line": 25,
            "column": 1
          }
        },
        "line": 3
      },
      "1": {
        "name": "(anonymous_1)",
        "decl": {
          "start": {
            "line": 5,
            "column": 4
          },
          "end": {
            "line": 5,
            "column": 5
          }
        },
        "loc": {
          "start": {
            "line": 5,
            "column": 28
          },
          "end": {
            "line": 8,
            "column": 5
          }
        },
        "line": 5
      },
      "2": {
        "name": "(anonymous_2)",
        "decl": {
          "start": {
            "line": 9,
            "column": 4
          },
          "end": {
            "line": 9,
            "column": 5
          }
        },
        "loc": {
          "start": {
            "line": 9,
            "column": 16
          },
          "end": {
            "line": 11,
            "column": 5
          }
        },
        "line": 9
      },
      "3": {
        "name": "(anonymous_3)",
        "decl": {
          "start": {
            "line": 12,
            "column": 4
          },
          "end": {
            "line": 12,
            "column": 5
          }
        },
        "loc": {
          "start": {
            "line": 12,
            "column": 15
          },
          "end": {
            "line": 14,
            "column": 5
          }
        },
        "line": 12
      },
      "4": {
        "name": "UserService_Factory",
        "decl": {
          "start": {
            "line": 16,
            "column": 30
          },
          "end": {
            "line": 16,
            "column": 49
          }
        },
        "loc": {
          "start": {
            "line": 16,
            "column": 53
          },
          "end": {
            "line": 18,
            "column": 3
          }
        },
        "line": 16
      }
    },
    "branchMap": {
      "0": {
        "loc": {
          "start": {
            "line": 17,
            "column": 16
          },
          "end": {
            "line": 17,
            "column": 32
          }
        },
        "type": "binary-expr",
        "locations": [
          {
            "start": {
              "line": 17,
              "column": 16
            },
            "end": {
              "line": 17,
              "column": 17
            }
          },
          {
            "start": {
              "line": 17,
              "column": 21
            },
            "end": {
              "line": 17,
              "column": 32
            }
          }
        ],
        "line": 17
      }
    },
    "s": {
      "0": 35,
      "1": 5,
      "2": 5,
      "3": 5,
      "4": 2,
      "5": 35,
      "6": 5,
      "7": 35,
      "8": 35
    },
    "f": {
      "0": 35,
      "1": 5,
      "2": 5,
      "3": 2,
      "4": 5
    },
    "b": {
      "0": [
        5,
        5
      ]
    },
    "inputSourceMap": {
      "version": 3,
      "names": [
        "UserService",
        "constructor",
        "httpClient",
        "pathService",
        "getById",
        "id",
        "get",
        "delete",
        "i0",
        "ɵɵinject",
        "i1",
        "HttpClient",
        "factory",
        "ɵfac",
        "providedIn"
      ],
      "sources": [
        "C:\\Users\\micka\\Documents\\GitHub\\Testez-une-application-full-stack\\front\\src\\app\\services\\user.service.ts"
      ],
      "sourcesContent": [
        "import { HttpClient } from '@angular/common/http';\r\nimport { Injectable } from '@angular/core';\r\nimport { Observable } from 'rxjs';\r\nimport { User } from '../interfaces/user.interface';\r\n\r\n@Injectable({\r\n  providedIn: 'root'\r\n})\r\nexport class UserService {\r\n\r\n  private pathService = 'api/user';\r\n\r\n  constructor(private httpClient: HttpClient) { }\r\n\r\n  public getById(id: string): Observable<User> {\r\n    return this.httpClient.get<User>(`${this.pathService}/${id}`);\r\n  }\r\n\r\n  public delete(id: string): Observable<any> {\r\n    return this.httpClient.delete(`${this.pathService}/${id}`);\r\n  }\r\n}\r\n"
      ],
      "mappings": ";;AAQA,WAAaA,WAAW;EAAlB,MAAOA,WAAW;IAItBC,YAAoBC,UAAsB;MAAtB,KAAAA,UAAU,GAAVA,UAAU;MAFtB,KAAAC,WAAW,GAAG,UAAU;IAEc;IAEvCC,OAAOA,CAACC,EAAU;MACvB,OAAO,IAAI,CAACH,UAAU,CAACI,GAAG,CAAO,GAAG,IAAI,CAACH,WAAW,IAAIE,EAAE,EAAE,CAAC;IAC/D;IAEOE,MAAMA,CAACF,EAAU;MACtB,OAAO,IAAI,CAACH,UAAU,CAACK,MAAM,CAAC,GAAG,IAAI,CAACJ,WAAW,IAAIE,EAAE,EAAE,CAAC;IAC5D;;;qBAZWL,WAAW,EAAAQ,EAAA,CAAAC,QAAA,CAAAC,EAAA,CAAAC,UAAA;EAAA;;WAAXX,WAAW;IAAAY,OAAA,EAAXZ,WAAW,CAAAa,IAAA;IAAAC,UAAA,EAFV;EAAM;EAAA,OAEPd,WAAW;AAAA",
      "ignoreList": []
    },
    "_coverageSchema": "1a1c01bbd47fc00a2c39e90264f33305004495a9",
    "hash": "86f870f13bd85fa24a1fbb6052161f0b247eec6c"
  },
  "C:\\Users\\micka\\Documents\\GitHub\\Testez-une-application-full-stack\\front\\src\\app\\components\\me\\me.component.ts": {
    "path": "C:\\Users\\micka\\Documents\\GitHub\\Testez-une-application-full-stack\\front\\src\\app\\components\\me\\me.component.ts",
    "statementMap": {
      "0": {
        "start": {
          "line": 12,
          "column": 2
        },
        "end": {
          "line": 16,
          "column": 3
        }
      },
      "1": {
        "start": {
          "line": 13,
          "column": 4
        },
        "end": {
          "line": 13,
          "column": 33
        }
      },
      "2": {
        "start": {
          "line": 14,
          "column": 4
        },
        "end": {
          "line": 14,
          "column": 34
        }
      },
      "3": {
        "start": {
          "line": 15,
          "column": 4
        },
        "end": {
          "line": 15,
          "column": 22
        }
      },
      "4": {
        "start": {
          "line": 19,
          "column": 2
        },
        "end": {
          "line": 36,
          "column": 3
        }
      },
      "5": {
        "start": {
          "line": 20,
          "column": 16
        },
        "end": {
          "line": 20,
          "column": 37
        }
      },
      "6": {
        "start": {
          "line": 21,
          "column": 4
        },
        "end": {
          "line": 21,
          "column": 43
        }
      },
      "7": {
        "start": {
          "line": 22,
          "column": 4
        },
        "end": {
          "line": 22,
          "column": 39
        }
      },
      "8": {
        "start": {
          "line": 23,
          "column": 4
        },
        "end": {
          "line": 23,
          "column": 22
        }
      },
      "9": {
        "start": {
          "line": 24,
          "column": 4
        },
        "end": {
          "line": 24,
          "column": 39
        }
      },
      "10": {
        "start": {
          "line": 25,
          "column": 4
        },
        "end": {
          "line": 29,
          "column": 7
        }
      },
      "11": {
        "start": {
          "line": 26,
          "column": 6
        },
        "end": {
          "line": 26,
          "column": 28
        }
      },
      "12": {
        "start": {
          "line": 27,
          "column": 21
        },
        "end": {
          "line": 27,
          "column": 40
        }
      },
      "13": {
        "start": {
          "line": 28,
          "column": 6
        },
        "end": {
          "line": 28,
          "column": 45
        }
      },
      "14": {
        "start": {
          "line": 30,
          "column": 4
        },
        "end": {
          "line": 30,
          "column": 37
        }
      },
      "15": {
        "start": {
          "line": 31,
          "column": 4
        },
        "end": {
          "line": 31,
          "column": 27
        }
      },
      "16": {
        "start": {
          "line": 32,
          "column": 4
        },
        "end": {
          "line": 32,
          "column": 22
        }
      },
      "17": {
        "start": {
          "line": 33,
          "column": 4
        },
        "end": {
          "line": 33,
          "column": 37
        }
      },
      "18": {
        "start": {
          "line": 34,
          "column": 4
        },
        "end": {
          "line": 34,
          "column": 27
        }
      },
      "19": {
        "start": {
          "line": 35,
          "column": 4
        },
        "end": {
          "line": 35,
          "column": 26
        }
      },
      "20": {
        "start": {
          "line": 39,
          "column": 2
        },
        "end": {
          "line": 61,
          "column": 3
        }
      },
      "21": {
        "start": {
          "line": 40,
          "column": 4
        },
        "end": {
          "line": 40,
          "column": 43
        }
      },
      "22": {
        "start": {
          "line": 41,
          "column": 4
        },
        "end": {
          "line": 41,
          "column": 17
        }
      },
      "23": {
        "start": {
          "line": 42,
          "column": 4
        },
        "end": {
          "line": 42,
          "column": 30
        }
      },
      "24": {
        "start": {
          "line": 43,
          "column": 4
        },
        "end": {
          "line": 43,
          "column": 22
        }
      },
      "25": {
        "start": {
          "line": 44,
          "column": 4
        },
        "end": {
          "line": 44,
          "column": 30
        }
      },
      "26": {
        "start": {
          "line": 45,
          "column": 4
        },
        "end": {
          "line": 45,
          "column": 17
        }
      },
      "27": {
        "start": {
          "line": 46,
          "column": 4
        },
        "end": {
          "line": 46,
          "column": 22
        }
      },
      "28": {
        "start": {
          "line": 47,
          "column": 4
        },
        "end": {
          "line": 47,
          "column": 68
        }
      },
      "29": {
        "start": {
          "line": 48,
          "column": 4
        },
        "end": {
          "line": 48,
          "column": 72
        }
      },
      "30": {
        "start": {
          "line": 49,
          "column": 4
        },
        "end": {
          "line": 49,
          "column": 52
        }
      },
      "31": {
        "start": {
          "line": 50,
          "column": 4
        },
        "end": {
          "line": 50,
          "column": 33
        }
      },
      "32": {
        "start": {
          "line": 51,
          "column": 4
        },
        "end": {
          "line": 51,
          "column": 22
        }
      },
      "33": {
        "start": {
          "line": 52,
          "column": 4
        },
        "end": {
          "line": 52,
          "column": 18
        }
      },
      "34": {
        "start": {
          "line": 53,
          "column": 4
        },
        "end": {
          "line": 53,
          "column": 26
        }
      },
      "35": {
        "start": {
          "line": 54,
          "column": 4
        },
        "end": {
          "line": 54,
          "column": 22
        }
      },
      "36": {
        "start": {
          "line": 55,
          "column": 4
        },
        "end": {
          "line": 55,
          "column": 40
        }
      },
      "37": {
        "start": {
          "line": 56,
          "column": 4
        },
        "end": {
          "line": 56,
          "column": 35
        }
      },
      "38": {
        "start": {
          "line": 57,
          "column": 4
        },
        "end": {
          "line": 57,
          "column": 22
        }
      },
      "39": {
        "start": {
          "line": 58,
          "column": 4
        },
        "end": {
          "line": 58,
          "column": 18
        }
      },
      "40": {
        "start": {
          "line": 59,
          "column": 4
        },
        "end": {
          "line": 59,
          "column": 26
        }
      },
      "41": {
        "start": {
          "line": 60,
          "column": 4
        },
        "end": {
          "line": 60,
          "column": 26
        }
      },
      "42": {
        "start": {
          "line": 62,
          "column": 2
        },
        "end": {
          "line": 76,
          "column": 3
        }
      },
      "43": {
        "start": {
          "line": 63,
          "column": 19
        },
        "end": {
          "line": 63,
          "column": 37
        }
      },
      "44": {
        "start": {
          "line": 64,
          "column": 4
        },
        "end": {
          "line": 64,
          "column": 20
        }
      },
      "45": {
        "start": {
          "line": 65,
          "column": 4
        },
        "end": {
          "line": 65,
          "column": 112
        }
      },
      "46": {
        "start": {
          "line": 66,
          "column": 4
        },
        "end": {
          "line": 66,
          "column": 20
        }
      },
      "47": {
        "start": {
          "line": 67,
          "column": 4
        },
        "end": {
          "line": 67,
          "column": 60
        }
      },
      "48": {
        "start": {
          "line": 68,
          "column": 4
        },
        "end": {
          "line": 68,
          "column": 20
        }
      },
      "49": {
        "start": {
          "line": 69,
          "column": 4
        },
        "end": {
          "line": 69,
          "column": 45
        }
      },
      "50": {
        "start": {
          "line": 70,
          "column": 4
        },
        "end": {
          "line": 70,
          "column": 20
        }
      },
      "51": {
        "start": {
          "line": 71,
          "column": 4
        },
        "end": {
          "line": 71,
          "column": 46
        }
      },
      "52": {
        "start": {
          "line": 72,
          "column": 4
        },
        "end": {
          "line": 72,
          "column": 20
        }
      },
      "53": {
        "start": {
          "line": 73,
          "column": 4
        },
        "end": {
          "line": 73,
          "column": 93
        }
      },
      "54": {
        "start": {
          "line": 74,
          "column": 4
        },
        "end": {
          "line": 74,
          "column": 20
        }
      },
      "55": {
        "start": {
          "line": 75,
          "column": 4
        },
        "end": {
          "line": 75,
          "column": 94
        }
      },
      "56": {
        "start": {
          "line": 78,
          "column": 38
        },
        "end": {
          "line": 135,
          "column": 4
        }
      },
      "57": {
        "start": {
          "line": 81,
          "column": 6
        },
        "end": {
          "line": 81,
          "column": 27
        }
      },
      "58": {
        "start": {
          "line": 82,
          "column": 6
        },
        "end": {
          "line": 82,
          "column": 43
        }
      },
      "59": {
        "start": {
          "line": 83,
          "column": 6
        },
        "end": {
          "line": 83,
          "column": 37
        }
      },
      "60": {
        "start": {
          "line": 84,
          "column": 6
        },
        "end": {
          "line": 84,
          "column": 37
        }
      },
      "61": {
        "start": {
          "line": 87,
          "column": 6
        },
        "end": {
          "line": 87,
          "column": 121
        }
      },
      "62": {
        "start": {
          "line": 87,
          "column": 103
        },
        "end": {
          "line": 87,
          "column": 119
        }
      },
      "63": {
        "start": {
          "line": 90,
          "column": 6
        },
        "end": {
          "line": 90,
          "column": 28
        }
      },
      "64": {
        "start": {
          "line": 93,
          "column": 6
        },
        "end": {
          "line": 99,
          "column": 9
        }
      },
      "65": {
        "start": {
          "line": 94,
          "column": 8
        },
        "end": {
          "line": 96,
          "column": 11
        }
      },
      "66": {
        "start": {
          "line": 97,
          "column": 8
        },
        "end": {
          "line": 97,
          "column": 37
        }
      },
      "67": {
        "start": {
          "line": 98,
          "column": 8
        },
        "end": {
          "line": 98,
          "column": 36
        }
      },
      "68": {
        "start": {
          "line": 102,
          "column": 2
        },
        "end": {
          "line": 104,
          "column": 4
        }
      },
      "69": {
        "start": {
          "line": 103,
          "column": 4
        },
        "end": {
          "line": 103,
          "column": 184
        }
      },
      "70": {
        "start": {
          "line": 105,
          "column": 2
        },
        "end": {
          "line": 133,
          "column": 5
        }
      },
      "71": {
        "start": {
          "line": 112,
          "column": 6
        },
        "end": {
          "line": 126,
          "column": 7
        }
      },
      "72": {
        "start": {
          "line": 113,
          "column": 8
        },
        "end": {
          "line": 113,
          "column": 104
        }
      },
      "73": {
        "start": {
          "line": 114,
          "column": 8
        },
        "end": {
          "line": 116,
          "column": 11
        }
      },
      "74": {
        "start": {
          "line": 115,
          "column": 10
        },
        "end": {
          "line": 115,
          "column": 28
        }
      },
      "75": {
        "start": {
          "line": 117,
          "column": 8
        },
        "end": {
          "line": 117,
          "column": 41
        }
      },
      "76": {
        "start": {
          "line": 118,
          "column": 8
        },
        "end": {
          "line": 118,
          "column": 35
        }
      },
      "77": {
        "start": {
          "line": 119,
          "column": 8
        },
        "end": {
          "line": 119,
          "column": 28
        }
      },
      "78": {
        "start": {
          "line": 120,
          "column": 8
        },
        "end": {
          "line": 120,
          "column": 35
        }
      },
      "79": {
        "start": {
          "line": 121,
          "column": 8
        },
        "end": {
          "line": 121,
          "column": 41
        }
      },
      "80": {
        "start": {
          "line": 122,
          "column": 8
        },
        "end": {
          "line": 122,
          "column": 30
        }
      },
      "81": {
        "start": {
          "line": 123,
          "column": 8
        },
        "end": {
          "line": 123,
          "column": 49
        }
      },
      "82": {
        "start": {
          "line": 124,
          "column": 8
        },
        "end": {
          "line": 124,
          "column": 73
        }
      },
      "83": {
        "start": {
          "line": 125,
          "column": 8
        },
        "end": {
          "line": 125,
          "column": 30
        }
      },
      "84": {
        "start": {
          "line": 127,
          "column": 6
        },
        "end": {
          "line": 130,
          "column": 7
        }
      },
      "85": {
        "start": {
          "line": 128,
          "column": 8
        },
        "end": {
          "line": 128,
          "column": 25
        }
      },
      "86": {
        "start": {
          "line": 129,
          "column": 8
        },
        "end": {
          "line": 129,
          "column": 40
        }
      },
      "87": {
        "start": {
          "line": 134,
          "column": 2
        },
        "end": {
          "line": 134,
          "column": 21
        }
      }
    },
    "fnMap": {
      "0": {
        "name": "MeComponent_div_10_p_6_Template",
        "decl": {
          "start": {
            "line": 11,
            "column": 9
          },
          "end": {
            "line": 11,
            "column": 40
          }
        },
        "loc": {
          "start": {
            "line": 11,
            "column": 50
          },
          "end": {
            "line": 17,
            "column": 1
          }
        },
        "line": 11
      },
      "1": {
        "name": "MeComponent_div_10_div_7_Template",
        "decl": {
          "start": {
            "line": 18,
            "column": 9
          },
          "end": {
            "line": 18,
            "column": 42
          }
        },
        "loc": {
          "start": {
            "line": 18,
            "column": 52
          },
          "end": {
            "line": 37,
            "column": 1
          }
        },
        "line": 18
      },
      "2": {
        "name": "MeComponent_div_10_div_7_Template_button_click_3_listener",
        "decl": {
          "start": {
            "line": 25,
            "column": 36
          },
          "end": {
            "line": 25,
            "column": 93
          }
        },
        "loc": {
          "start": {
            "line": 25,
            "column": 96
          },
          "end": {
            "line": 29,
            "column": 5
          }
        },
        "line": 25
      },
      "3": {
        "name": "MeComponent_div_10_Template",
        "decl": {
          "start": {
            "line": 38,
            "column": 9
          },
          "end": {
            "line": 38,
            "column": 36
          }
        },
        "loc": {
          "start": {
            "line": 38,
            "column": 46
          },
          "end": {
            "line": 77,
            "column": 1
          }
        },
        "line": 38
      },
      "4": {
        "name": "(anonymous_4)",
        "decl": {
          "start": {
            "line": 78,
            "column": 39
          },
          "end": {
            "line": 78,
            "column": 40
          }
        },
        "loc": {
          "start": {
            "line": 78,
            "column": 45
          },
          "end": {
            "line": 135,
            "column": 1
          }
        },
        "line": 78
      },
      "5": {
        "name": "(anonymous_5)",
        "decl": {
          "start": {
            "line": 80,
            "column": 4
          },
          "end": {
            "line": 80,
            "column": 5
          }
        },
        "loc": {
          "start": {
            "line": 80,
            "column": 66
          },
          "end": {
            "line": 85,
            "column": 5
          }
        },
        "line": 80
      },
      "6": {
        "name": "(anonymous_6)",
        "decl": {
          "start": {
            "line": 86,
            "column": 4
          },
          "end": {
            "line": 86,
            "column": 5
          }
        },
        "loc": {
          "start": {
            "line": 86,
            "column": 15
          },
          "end": {
            "line": 88,
            "column": 5
          }
        },
        "line": 86
      },
      "7": {
        "name": "(anonymous_7)",
        "decl": {
          "start": {
            "line": 87,
            "column": 95
          },
          "end": {
            "line": 87,
            "column": 96
          }
        },
        "loc": {
          "start": {
            "line": 87,
            "column": 103
          },
          "end": {
            "line": 87,
            "column": 119
          }
        },
        "line": 87
      },
      "8": {
        "name": "(anonymous_8)",
        "decl": {
          "start": {
            "line": 89,
            "column": 4
          },
          "end": {
            "line": 89,
            "column": 5
          }
        },
        "loc": {
          "start": {
            "line": 89,
            "column": 11
          },
          "end": {
            "line": 91,
            "column": 5
          }
        },
        "line": 89
      },
      "9": {
        "name": "(anonymous_9)",
        "decl": {
          "start": {
            "line": 92,
            "column": 4
          },
          "end": {
            "line": 92,
            "column": 5
          }
        },
        "loc": {
          "start": {
            "line": 92,
            "column": 13
          },
          "end": {
            "line": 100,
            "column": 5
          }
        },
        "line": 92
      },
      "10": {
        "name": "(anonymous_10)",
        "decl": {
          "start": {
            "line": 93,
            "column": 94
          },
          "end": {
            "line": 93,
            "column": 95
          }
        },
        "loc": {
          "start": {
            "line": 93,
            "column": 99
          },
          "end": {
            "line": 99,
            "column": 7
          }
        },
        "line": 93
      },
      "11": {
        "name": "MeComponent_Factory",
        "decl": {
          "start": {
            "line": 102,
            "column": 30
          },
          "end": {
            "line": 102,
            "column": 49
          }
        },
        "loc": {
          "start": {
            "line": 102,
            "column": 53
          },
          "end": {
            "line": 104,
            "column": 3
          }
        },
        "line": 102
      },
      "12": {
        "name": "MeComponent_Template",
        "decl": {
          "start": {
            "line": 111,
            "column": 23
          },
          "end": {
            "line": 111,
            "column": 43
          }
        },
        "loc": {
          "start": {
            "line": 111,
            "column": 53
          },
          "end": {
            "line": 131,
            "column": 5
          }
        },
        "line": 111
      },
      "13": {
        "name": "MeComponent_Template_button_click_4_listener",
        "decl": {
          "start": {
            "line": 114,
            "column": 40
          },
          "end": {
            "line": 114,
            "column": 84
          }
        },
        "loc": {
          "start": {
            "line": 114,
            "column": 87
          },
          "end": {
            "line": 116,
            "column": 9
          }
        },
        "line": 114
      }
    },
    "branchMap": {
      "0": {
        "loc": {
          "start": {
            "line": 12,
            "column": 2
          },
          "end": {
            "line": 16,
            "column": 3
          }
        },
        "type": "if",
        "locations": [
          {
            "start": {
              "line": 12,
              "column": 2
            },
            "end": {
              "line": 16,
              "column": 3
            }
          },
          {
            "start": {
              "line": 12,
              "column": 2
            },
            "end": {
              "line": 16,
              "column": 3
            }
          }
        ],
        "line": 12
      },
      "1": {
        "loc": {
          "start": {
            "line": 19,
            "column": 2
          },
          "end": {
            "line": 36,
            "column": 3
          }
        },
        "type": "if",
        "locations": [
          {
            "start": {
              "line": 19,
              "column": 2
            },
            "end": {
              "line": 36,
              "column": 3
            }
          },
          {
            "start": {
              "line": 19,
              "column": 2
            },
            "end": {
              "line": 36,
              "column": 3
            }
          }
        ],
        "line": 19
      },
      "2": {
        "loc": {
          "start": {
            "line": 39,
            "column": 2
          },
          "end": {
            "line": 61,
            "column": 3
          }
        },
        "type": "if",
        "locations": [
          {
            "start": {
              "line": 39,
              "column": 2
            },
            "end": {
              "line": 61,
              "column": 3
            }
          },
          {
            "start": {
              "line": 39,
              "column": 2
            },
            "end": {
              "line": 61,
              "column": 3
            }
          }
        ],
        "line": 39
      },
      "3": {
        "loc": {
          "start": {
            "line": 62,
            "column": 2
          },
          "end": {
            "line": 76,
            "column": 3
          }
        },
        "type": "if",
        "locations": [
          {
            "start": {
              "line": 62,
              "column": 2
            },
            "end": {
              "line": 76,
              "column": 3
            }
          },
          {
            "start": {
              "line": 62,
              "column": 2
            },
            "end": {
              "line": 76,
              "column": 3
            }
          }
        ],
        "line": 62
      },
      "4": {
        "loc": {
          "start": {
            "line": 103,
            "column": 16
          },
          "end": {
            "line": 103,
            "column": 32
          }
        },
        "type": "binary-expr",
        "locations": [
          {
            "start": {
              "line": 103,
              "column": 16
            },
            "end": {
              "line": 103,
              "column": 17
            }
          },
          {
            "start": {
              "line": 103,
              "column": 21
            },
            "end": {
              "line": 103,
              "column": 32
            }
          }
        ],
        "line": 103
      },
      "5": {
        "loc": {
          "start": {
            "line": 112,
            "column": 6
          },
          "end": {
            "line": 126,
            "column": 7
          }
        },
        "type": "if",
        "locations": [
          {
            "start": {
              "line": 112,
              "column": 6
            },
            "end": {
              "line": 126,
              "column": 7
            }
          },
          {
            "start": {
              "line": 112,
              "column": 6
            },
            "end": {
              "line": 126,
              "column": 7
            }
          }
        ],
        "line": 112
      },
      "6": {
        "loc": {
          "start": {
            "line": 127,
            "column": 6
          },
          "end": {
            "line": 130,
            "column": 7
          }
        },
        "type": "if",
        "locations": [
          {
            "start": {
              "line": 127,
              "column": 6
            },
            "end": {
              "line": 130,
              "column": 7
            }
          },
          {
            "start": {
              "line": 127,
              "column": 6
            },
            "end": {
              "line": 130,
              "column": 7
            }
          }
        ],
        "line": 127
      }
    },
    "s": {
      "0": 6,
      "1": 2,
      "2": 2,
      "3": 2,
      "4": 14,
      "5": 2,
      "6": 2,
      "7": 2,
      "8": 2,
      "9": 2,
      "10": 2,
      "11": 2,
      "12": 2,
      "13": 2,
      "14": 2,
      "15": 2,
      "16": 2,
      "17": 2,
      "18": 2,
      "19": 2,
      "20": 20,
      "21": 4,
      "22": 4,
      "23": 4,
      "24": 4,
      "25": 4,
      "26": 4,
      "27": 4,
      "28": 4,
      "29": 4,
      "30": 4,
      "31": 4,
      "32": 4,
      "33": 4,
      "34": 4,
      "35": 4,
      "36": 4,
      "37": 4,
      "38": 4,
      "39": 4,
      "40": 4,
      "41": 4,
      "42": 20,
      "43": 16,
      "44": 16,
      "45": 16,
      "46": 16,
      "47": 16,
      "48": 16,
      "49": 16,
      "50": 16,
      "51": 16,
      "52": 16,
      "53": 16,
      "54": 16,
      "55": 16,
      "56": 35,
      "57": 5,
      "58": 5,
      "59": 5,
      "60": 5,
      "61": 5,
      "62": 4,
      "63": 1,
      "64": 2,
      "65": 2,
      "66": 2,
      "67": 2,
      "68": 35,
      "69": 5,
      "70": 35,
      "71": 51,
      "72": 5,
      "73": 5,
      "74": 1,
      "75": 5,
      "76": 5,
      "77": 5,
      "78": 5,
      "79": 5,
      "80": 5,
      "81": 5,
      "82": 5,
      "83": 5,
      "84": 51,
      "85": 46,
      "86": 46,
      "87": 35
    },
    "f": {
      "0": 6,
      "1": 14,
      "2": 2,
      "3": 20,
      "4": 35,
      "5": 5,
      "6": 5,
      "7": 4,
      "8": 1,
      "9": 2,
      "10": 2,
      "11": 5,
      "12": 51,
      "13": 1
    },
    "b": {
      "0": [
        2,
        4
      ],
      "1": [
        2,
        12
      ],
      "2": [
        4,
        16
      ],
      "3": [
        16,
        4
      ],
      "4": [
        5,
        5
      ],
      "5": [
        5,
        46
      ],
      "6": [
        46,
        5
      ]
    },
    "inputSourceMap": {
      "version": 3,
      "names": [
        "i0",
        "ɵɵelementStart",
        "ɵɵtext",
        "ɵɵelementEnd",
        "ɵɵlistener",
        "MeComponent_div_10_div_7_Template_button_click_3_listener",
        "ɵɵrestoreView",
        "_r4",
        "ctx_r3",
        "ɵɵnextContext",
        "ɵɵresetView",
        "delete",
        "ɵɵtemplate",
        "MeComponent_div_10_p_6_Template",
        "MeComponent_div_10_div_7_Template",
        "ɵɵadvance",
        "ɵɵtextInterpolate2",
        "ctx_r0",
        "user",
        "firstName",
        "ɵɵpipeBind1",
        "lastName",
        "ɵɵtextInterpolate1",
        "email",
        "ɵɵproperty",
        "admin",
        "ɵɵpipeBind2",
        "createdAt",
        "updatedAt",
        "MeComponent",
        "constructor",
        "router",
        "sessionService",
        "matSnackBar",
        "userService",
        "ngOnInit",
        "getById",
        "sessionInformation",
        "id",
        "toString",
        "subscribe",
        "back",
        "window",
        "history",
        "_",
        "open",
        "duration",
        "logOut",
        "navigate",
        "ɵɵdirectiveInject",
        "i1",
        "Router",
        "i2",
        "SessionService",
        "i3",
        "MatSnackBar",
        "i4",
        "UserService",
        "selectors",
        "decls",
        "vars",
        "consts",
        "template",
        "MeComponent_Template",
        "rf",
        "ctx",
        "MeComponent_Template_button_click_4_listener",
        "MeComponent_div_10_Template"
      ],
      "sources": [
        "C:\\Users\\micka\\Documents\\GitHub\\Testez-une-application-full-stack\\front\\src\\app\\components\\me\\me.component.ts",
        "C:\\Users\\micka\\Documents\\GitHub\\Testez-une-application-full-stack\\front\\src\\app\\components\\me\\me.component.html"
      ],
      "sourcesContent": [
        "import { Component, OnInit } from '@angular/core';\r\nimport { MatSnackBar } from '@angular/material/snack-bar';\r\nimport { Router } from '@angular/router';\r\nimport { User } from '../../interfaces/user.interface';\r\nimport { SessionService } from '../../services/session.service';\r\nimport { UserService } from '../../services/user.service';\r\n\r\n@Component({\r\n  selector: 'app-me',\r\n  templateUrl: './me.component.html',\r\n  styleUrls: ['./me.component.scss']\r\n})\r\nexport class MeComponent implements OnInit {\r\n\r\n  public user: User | undefined;\r\n\r\n  constructor(private router: Router,\r\n              private sessionService: SessionService,\r\n              private matSnackBar: MatSnackBar,\r\n              private userService: UserService) {\r\n  }\r\n\r\n  public ngOnInit(): void {\r\n    this.userService\r\n      .getById(this.sessionService.sessionInformation!.id.toString())\r\n      .subscribe((user: User) => this.user = user);\r\n  }\r\n\r\n  public back(): void {\r\n    window.history.back();\r\n  }\r\n\r\n  public delete(): void {\r\n    this.userService\r\n      .delete(this.sessionService.sessionInformation!.id.toString())\r\n      .subscribe((_) => {\r\n        this.matSnackBar.open(\"Your account has been deleted !\", 'Close', { duration: 3000 });\r\n        this.sessionService.logOut();\r\n        this.router.navigate(['/']);\r\n      })\r\n  }\r\n\r\n}\r\n",
        "<div class=\"m3\">\r\n  <mat-card>\r\n    <mat-card-title>\r\n      <div fxLayout=\"row\" fxLayoutAlign=\"start center\">\r\n        <button mat-icon-button (click)=\"back()\">\r\n          <mat-icon>arrow_back</mat-icon>\r\n        </button>\r\n        <h1>User information</h1>\r\n      </div>\r\n    </mat-card-title>\r\n    <mat-card-content>\r\n      <div *ngIf=\"user\" fxLayout=\"column\" fxLayoutAlign=\"start center\">\r\n        <p>Name: {{ user.firstName }} {{ user.lastName | uppercase }}</p>\r\n        <p>Email: {{ user.email }}</p>\r\n        <p *ngIf=\"user.admin\" class=\"my2\">You are admin</p>\r\n        <div *ngIf=\"!user.admin\" fxLayout=\"column\" class=\"my2\" fxLayoutAlign=\"center center\">\r\n          <p>Delete my account:</p>\r\n          <button mat-raised-button color=\"warn\" (click)=\"delete()\">\r\n            <mat-icon>delete</mat-icon>\r\n            <span class=\"ml1\">Detail</span>\r\n          </button>\r\n        </div>\r\n        <div fxLayoutAlign=\"space-between center\" class=\"p2 w100\">\r\n\r\n          <p><i>Create at: </i> {{ user.createdAt | date: 'longDate'}}</p>\r\n          <p><i>Last update: </i> {{ user.updatedAt| date: 'longDate'}}</p>\r\n        </div>\r\n      </div>\r\n    </mat-card-content>\r\n  </mat-card>\r\n</div>\r\n"
      ],
      "mappings": ";;;;;;;;;;;;ICcQA,EAAA,CAAAC,cAAA,WAAkC;IAAAD,EAAA,CAAAE,MAAA,oBAAa;IAAAF,EAAA,CAAAG,YAAA,EAAI;;;;;;IACnDH,EAAA,CAAAC,cAAA,aAAqF;IAChFD,EAAA,CAAAE,MAAA,yBAAkB;IAAAF,EAAA,CAAAG,YAAA,EAAI;IACzBH,EAAA,CAAAC,cAAA,iBAA0D;IAAnBD,EAAA,CAAAI,UAAA,mBAAAC,0DAAA;MAAAL,EAAA,CAAAM,aAAA,CAAAC,GAAA;MAAA,MAAAC,MAAA,GAAAR,EAAA,CAAAS,aAAA;MAAA,OAAST,EAAA,CAAAU,WAAA,CAAAF,MAAA,CAAAG,MAAA,EAAQ;IAAA,EAAC;IACvDX,EAAA,CAAAC,cAAA,eAAU;IAAAD,EAAA,CAAAE,MAAA,aAAM;IAAAF,EAAA,CAAAG,YAAA,EAAW;IAC3BH,EAAA,CAAAC,cAAA,eAAkB;IAAAD,EAAA,CAAAE,MAAA,aAAM;IAAAF,EAAA,CAAAG,YAAA,EAAO;;;;;IARrCH,EAAA,CAAAC,cAAA,aAAiE;IAC5DD,EAAA,CAAAE,MAAA,GAA0D;;IAAAF,EAAA,CAAAG,YAAA,EAAI;IACjEH,EAAA,CAAAC,cAAA,QAAG;IAAAD,EAAA,CAAAE,MAAA,GAAuB;IAAAF,EAAA,CAAAG,YAAA,EAAI;IAC9BH,EAAA,CAAAY,UAAA,IAAAC,+BAAA,eAAmD;IACnDb,EAAA,CAAAY,UAAA,IAAAE,iCAAA,iBAMM;IACNd,EAAA,CAAAC,cAAA,aAA0D;IAElDD,EAAA,CAAAE,MAAA,mBAAW;IAAAF,EAAA,CAAAG,YAAA,EAAI;IAACH,EAAA,CAAAE,MAAA,IAAsC;;IAAAF,EAAA,CAAAG,YAAA,EAAI;IAChEH,EAAA,CAAAC,cAAA,SAAG;IAAGD,EAAA,CAAAE,MAAA,qBAAa;IAAAF,EAAA,CAAAG,YAAA,EAAI;IAACH,EAAA,CAAAE,MAAA,IAAqC;;IAAAF,EAAA,CAAAG,YAAA,EAAI;;;;IAbhEH,EAAA,CAAAe,SAAA,GAA0D;IAA1Df,EAAA,CAAAgB,kBAAA,WAAAC,MAAA,CAAAC,IAAA,CAAAC,SAAA,OAAAnB,EAAA,CAAAoB,WAAA,OAAAH,MAAA,CAAAC,IAAA,CAAAG,QAAA,MAA0D;IAC1DrB,EAAA,CAAAe,SAAA,GAAuB;IAAvBf,EAAA,CAAAsB,kBAAA,YAAAL,MAAA,CAAAC,IAAA,CAAAK,KAAA,KAAuB;IACtBvB,EAAA,CAAAe,SAAA,GAAgB;IAAhBf,EAAA,CAAAwB,UAAA,SAAAP,MAAA,CAAAC,IAAA,CAAAO,KAAA,CAAgB;IACdzB,EAAA,CAAAe,SAAA,GAAiB;IAAjBf,EAAA,CAAAwB,UAAA,UAAAP,MAAA,CAAAC,IAAA,CAAAO,KAAA,CAAiB;IASCzB,EAAA,CAAAe,SAAA,GAAsC;IAAtCf,EAAA,CAAAsB,kBAAA,MAAAtB,EAAA,CAAA0B,WAAA,QAAAT,MAAA,CAAAC,IAAA,CAAAS,SAAA,kBAAsC;IACpC3B,EAAA,CAAAe,SAAA,GAAqC;IAArCf,EAAA,CAAAsB,kBAAA,MAAAtB,EAAA,CAAA0B,WAAA,SAAAT,MAAA,CAAAC,IAAA,CAAAU,SAAA,kBAAqC;;;ADbvE,WAAaC,WAAW;EAAlB,MAAOA,WAAW;IAItBC,YAAoBC,MAAc,EACdC,cAA8B,EAC9BC,WAAwB,EACxBC,WAAwB;MAHxB,KAAAH,MAAM,GAANA,MAAM;MACN,KAAAC,cAAc,GAAdA,cAAc;MACd,KAAAC,WAAW,GAAXA,WAAW;MACX,KAAAC,WAAW,GAAXA,WAAW;IAC/B;IAEOC,QAAQA,CAAA;MACb,IAAI,CAACD,WAAW,CACbE,OAAO,CAAC,IAAI,CAACJ,cAAc,CAACK,kBAAmB,CAACC,EAAE,CAACC,QAAQ,EAAE,CAAC,CAC9DC,SAAS,CAAEtB,IAAU,IAAK,IAAI,CAACA,IAAI,GAAGA,IAAI,CAAC;IAChD;IAEOuB,IAAIA,CAAA;MACTC,MAAM,CAACC,OAAO,CAACF,IAAI,EAAE;IACvB;IAEO9B,MAAMA,CAAA;MACX,IAAI,CAACuB,WAAW,CACbvB,MAAM,CAAC,IAAI,CAACqB,cAAc,CAACK,kBAAmB,CAACC,EAAE,CAACC,QAAQ,EAAE,CAAC,CAC7DC,SAAS,CAAEI,CAAC,IAAI;QACf,IAAI,CAACX,WAAW,CAACY,IAAI,CAAC,iCAAiC,EAAE,OAAO,EAAE;UAAEC,QAAQ,EAAE;QAAI,CAAE,CAAC;QACrF,IAAI,CAACd,cAAc,CAACe,MAAM,EAAE;QAC5B,IAAI,CAAChB,MAAM,CAACiB,QAAQ,CAAC,CAAC,GAAG,CAAC,CAAC;MAC7B,CAAC,CAAC;IACN;;;qBA5BWnB,WAAW,EAAA7B,EAAA,CAAAiD,iBAAA,CAAAC,EAAA,CAAAC,MAAA,GAAAnD,EAAA,CAAAiD,iBAAA,CAAAG,EAAA,CAAAC,cAAA,GAAArD,EAAA,CAAAiD,iBAAA,CAAAK,EAAA,CAAAC,WAAA,GAAAvD,EAAA,CAAAiD,iBAAA,CAAAO,EAAA,CAAAC,WAAA;EAAA;;UAAX5B,WAAW;IAAA6B,SAAA;IAAAC,KAAA;IAAAC,IAAA;IAAAC,MAAA;IAAAC,QAAA,WAAAC,qBAAAC,EAAA,EAAAC,GAAA;MAAA,IAAAD,EAAA;QCZxBhE,EAAA,CAAAC,cAAA,aAAgB;QAIgBD,EAAA,CAAAI,UAAA,mBAAA8D,6CAAA;UAAA,OAASD,GAAA,CAAAxB,IAAA,EAAM;QAAA,EAAC;QACtCzC,EAAA,CAAAC,cAAA,eAAU;QAAAD,EAAA,CAAAE,MAAA,iBAAU;QAAAF,EAAA,CAAAG,YAAA,EAAW;QAEjCH,EAAA,CAAAC,cAAA,SAAI;QAAAD,EAAA,CAAAE,MAAA,uBAAgB;QAAAF,EAAA,CAAAG,YAAA,EAAK;QAG7BH,EAAA,CAAAC,cAAA,uBAAkB;QAChBD,EAAA,CAAAY,UAAA,KAAAuD,2BAAA,mBAgBM;QACRnE,EAAA,CAAAG,YAAA,EAAmB;;;QAjBXH,EAAA,CAAAe,SAAA,IAAU;QAAVf,EAAA,CAAAwB,UAAA,SAAAyC,GAAA,CAAA/C,IAAA,CAAU;;;;;SDCTW,WAAW;AAAA",
      "ignoreList": []
    },
    "_coverageSchema": "1a1c01bbd47fc00a2c39e90264f33305004495a9",
    "hash": "b83d7ce0dc2e7b4ad3b576459c5b101f63a1e0ec"
  },
  "C:\\Users\\micka\\Documents\\GitHub\\Testez-une-application-full-stack\\front\\src\\app\\components\\not-found\\not-found.component.ts": {
    "path": "C:\\Users\\micka\\Documents\\GitHub\\Testez-une-application-full-stack\\front\\src\\app\\components\\not-found\\not-found.component.ts",
    "statementMap": {
      "0": {
        "start": {
          "line": 2,
          "column": 44
        },
        "end": {
          "line": 23,
          "column": 4
        }
      },
      "1": {
        "start": {
          "line": 4,
          "column": 2
        },
        "end": {
          "line": 6,
          "column": 4
        }
      },
      "2": {
        "start": {
          "line": 5,
          "column": 4
        },
        "end": {
          "line": 5,
          "column": 42
        }
      },
      "3": {
        "start": {
          "line": 7,
          "column": 2
        },
        "end": {
          "line": 21,
          "column": 5
        }
      },
      "4": {
        "start": {
          "line": 14,
          "column": 6
        },
        "end": {
          "line": 18,
          "column": 7
        }
      },
      "5": {
        "start": {
          "line": 15,
          "column": 8
        },
        "end": {
          "line": 15,
          "column": 48
        }
      },
      "6": {
        "start": {
          "line": 16,
          "column": 8
        },
        "end": {
          "line": 16,
          "column": 41
        }
      },
      "7": {
        "start": {
          "line": 17,
          "column": 8
        },
        "end": {
          "line": 17,
          "column": 28
        }
      },
      "8": {
        "start": {
          "line": 22,
          "column": 2
        },
        "end": {
          "line": 22,
          "column": 27
        }
      }
    },
    "fnMap": {
      "0": {
        "name": "(anonymous_0)",
        "decl": {
          "start": {
            "line": 2,
            "column": 45
          },
          "end": {
            "line": 2,
            "column": 46
          }
        },
        "loc": {
          "start": {
            "line": 2,
            "column": 51
          },
          "end": {
            "line": 23,
            "column": 1
          }
        },
        "line": 2
      },
      "1": {
        "name": "NotFoundComponent_Factory",
        "decl": {
          "start": {
            "line": 4,
            "column": 36
          },
          "end": {
            "line": 4,
            "column": 61
          }
        },
        "loc": {
          "start": {
            "line": 4,
            "column": 65
          },
          "end": {
            "line": 6,
            "column": 3
          }
        },
        "line": 4
      },
      "2": {
        "name": "NotFoundComponent_Template",
        "decl": {
          "start": {
            "line": 13,
            "column": 23
          },
          "end": {
            "line": 13,
            "column": 49
          }
        },
        "loc": {
          "start": {
            "line": 13,
            "column": 59
          },
          "end": {
            "line": 19,
            "column": 5
          }
        },
        "line": 13
      }
    },
    "branchMap": {
      "0": {
        "loc": {
          "start": {
            "line": 5,
            "column": 16
          },
          "end": {
            "line": 5,
            "column": 38
          }
        },
        "type": "binary-expr",
        "locations": [
          {
            "start": {
              "line": 5,
              "column": 16
            },
            "end": {
              "line": 5,
              "column": 17
            }
          },
          {
            "start": {
              "line": 5,
              "column": 21
            },
            "end": {
              "line": 5,
              "column": 38
            }
          }
        ],
        "line": 5
      },
      "1": {
        "loc": {
          "start": {
            "line": 14,
            "column": 6
          },
          "end": {
            "line": 18,
            "column": 7
          }
        },
        "type": "if",
        "locations": [
          {
            "start": {
              "line": 14,
              "column": 6
            },
            "end": {
              "line": 18,
              "column": 7
            }
          },
          {
            "start": {
              "line": 14,
              "column": 6
            },
            "end": {
              "line": 18,
              "column": 7
            }
          }
        ],
        "line": 14
      }
    },
    "s": {
      "0": 35,
      "1": 35,
      "2": 1,
      "3": 35,
      "4": 3,
      "5": 1,
      "6": 1,
      "7": 1,
      "8": 35
    },
    "f": {
      "0": 35,
      "1": 1,
      "2": 3
    },
    "b": {
      "0": [
        1,
        1
      ],
      "1": [
        1,
        2
      ]
    },
    "inputSourceMap": {
      "version": 3,
      "names": [
        "NotFoundComponent",
        "selectors",
        "decls",
        "vars",
        "consts",
        "template",
        "NotFoundComponent_Template",
        "rf",
        "ctx",
        "i0",
        "ɵɵelementStart",
        "ɵɵtext",
        "ɵɵelementEnd"
      ],
      "sources": [
        "C:\\Users\\micka\\Documents\\GitHub\\Testez-une-application-full-stack\\front\\src\\app\\components\\not-found\\not-found.component.ts",
        "C:\\Users\\micka\\Documents\\GitHub\\Testez-une-application-full-stack\\front\\src\\app\\components\\not-found\\not-found.component.html"
      ],
      "sourcesContent": [
        "import { Component } from '@angular/core';\r\n\r\n@Component({\r\n  selector: 'app-not-found',\r\n  templateUrl: './not-found.component.html',\r\n  styleUrls: ['./not-found.component.scss']\r\n})\r\nexport class NotFoundComponent {\r\n}\r\n",
        "<div class=\"flex justify-center mt3\">\r\n        <h1>Page not found !</h1>\r\n</div>"
      ],
      "mappings": ";AAOA,WAAaA,iBAAiB;EAAxB,MAAOA,iBAAiB;;qBAAjBA,iBAAiB;EAAA;;UAAjBA,iBAAiB;IAAAC,SAAA;IAAAC,KAAA;IAAAC,IAAA;IAAAC,MAAA;IAAAC,QAAA,WAAAC,2BAAAC,EAAA,EAAAC,GAAA;MAAA,IAAAD,EAAA;QCP9BE,EAAA,CAAAC,cAAA,aAAqC;QACzBD,EAAA,CAAAE,MAAA,uBAAgB;QAAAF,EAAA,CAAAG,YAAA,EAAK;;;;;SDMpBZ,iBAAiB;AAAA",
      "ignoreList": []
    },
    "_coverageSchema": "1a1c01bbd47fc00a2c39e90264f33305004495a9",
    "hash": "69de570af24b90bb6e422aa9c0050ddbec83e49a"
  },
  "C:\\Users\\micka\\Documents\\GitHub\\Testez-une-application-full-stack\\front\\src\\app\\guards\\auth.guard.ts": {
    "path": "C:\\Users\\micka\\Documents\\GitHub\\Testez-une-application-full-stack\\front\\src\\app\\guards\\auth.guard.ts",
    "statementMap": {
      "0": {
        "start": {
          "line": 5,
          "column": 36
        },
        "end": {
          "line": 28,
          "column": 4
        }
      },
      "1": {
        "start": {
          "line": 8,
          "column": 6
        },
        "end": {
          "line": 8,
          "column": 27
        }
      },
      "2": {
        "start": {
          "line": 9,
          "column": 6
        },
        "end": {
          "line": 9,
          "column": 43
        }
      },
      "3": {
        "start": {
          "line": 12,
          "column": 6
        },
        "end": {
          "line": 15,
          "column": 7
        }
      },
      "4": {
        "start": {
          "line": 13,
          "column": 8
        },
        "end": {
          "line": 13,
          "column": 40
        }
      },
      "5": {
        "start": {
          "line": 14,
          "column": 8
        },
        "end": {
          "line": 14,
          "column": 21
        }
      },
      "6": {
        "start": {
          "line": 16,
          "column": 6
        },
        "end": {
          "line": 16,
          "column": 18
        }
      },
      "7": {
        "start": {
          "line": 19,
          "column": 2
        },
        "end": {
          "line": 21,
          "column": 4
        }
      },
      "8": {
        "start": {
          "line": 20,
          "column": 4
        },
        "end": {
          "line": 20,
          "column": 88
        }
      },
      "9": {
        "start": {
          "line": 22,
          "column": 2
        },
        "end": {
          "line": 26,
          "column": 5
        }
      },
      "10": {
        "start": {
          "line": 27,
          "column": 2
        },
        "end": {
          "line": 27,
          "column": 19
        }
      }
    },
    "fnMap": {
      "0": {
        "name": "(anonymous_0)",
        "decl": {
          "start": {
            "line": 5,
            "column": 37
          },
          "end": {
            "line": 5,
            "column": 38
          }
        },
        "loc": {
          "start": {
            "line": 5,
            "column": 43
          },
          "end": {
            "line": 28,
            "column": 1
          }
        },
        "line": 5
      },
      "1": {
        "name": "(anonymous_1)",
        "decl": {
          "start": {
            "line": 7,
            "column": 4
          },
          "end": {
            "line": 7,
            "column": 5
          }
        },
        "loc": {
          "start": {
            "line": 7,
            "column": 40
          },
          "end": {
            "line": 10,
            "column": 5
          }
        },
        "line": 7
      },
      "2": {
        "name": "(anonymous_2)",
        "decl": {
          "start": {
            "line": 11,
            "column": 4
          },
          "end": {
            "line": 11,
            "column": 5
          }
        },
        "loc": {
          "start": {
            "line": 11,
            "column": 18
          },
          "end": {
            "line": 17,
            "column": 5
          }
        },
        "line": 11
      },
      "3": {
        "name": "AuthGuard_Factory",
        "decl": {
          "start": {
            "line": 19,
            "column": 28
          },
          "end": {
            "line": 19,
            "column": 45
          }
        },
        "loc": {
          "start": {
            "line": 19,
            "column": 49
          },
          "end": {
            "line": 21,
            "column": 3
          }
        },
        "line": 19
      }
    },
    "branchMap": {
      "0": {
        "loc": {
          "start": {
            "line": 12,
            "column": 6
          },
          "end": {
            "line": 15,
            "column": 7
          }
        },
        "type": "if",
        "locations": [
          {
            "start": {
              "line": 12,
              "column": 6
            },
            "end": {
              "line": 15,
              "column": 7
            }
          },
          {
            "start": {
              "line": 12,
              "column": 6
            },
            "end": {
              "line": 15,
              "column": 7
            }
          }
        ],
        "line": 12
      },
      "1": {
        "loc": {
          "start": {
            "line": 20,
            "column": 16
          },
          "end": {
            "line": 20,
            "column": 30
          }
        },
        "type": "binary-expr",
        "locations": [
          {
            "start": {
              "line": 20,
              "column": 16
            },
            "end": {
              "line": 20,
              "column": 17
            }
          },
          {
            "start": {
              "line": 20,
              "column": 21
            },
            "end": {
              "line": 20,
              "column": 30
            }
          }
        ],
        "line": 20
      }
    },
    "s": {
      "0": 35,
      "1": 21,
      "2": 21,
      "3": 27,
      "4": 2,
      "5": 2,
      "6": 25,
      "7": 35,
      "8": 21,
      "9": 35,
      "10": 35
    },
    "f": {
      "0": 35,
      "1": 21,
      "2": 27,
      "3": 21
    },
    "b": {
      "0": [
        2,
        25
      ],
      "1": [
        21,
        21
      ]
    },
    "inputSourceMap": {
      "version": 3,
      "names": [
        "Router",
        "AuthGuard",
        "constructor",
        "router",
        "sessionService",
        "canActivate",
        "isLogged",
        "navigate",
        "i0",
        "ɵɵinject",
        "i1",
        "i2",
        "SessionService",
        "factory",
        "ɵfac",
        "providedIn"
      ],
      "sources": [
        "C:\\Users\\micka\\Documents\\GitHub\\Testez-une-application-full-stack\\front\\src\\app\\guards\\auth.guard.ts"
      ],
      "sourcesContent": [
        "import {Injectable} from \"@angular/core\";\r\nimport {CanActivate, Router} from \"@angular/router\"; \r\nimport { SessionService } from \"../services/session.service\";\r\n\r\n@Injectable({providedIn: 'root'})\r\nexport class AuthGuard implements CanActivate {\r\n\r\n  constructor( \r\n    private router: Router,\r\n    private sessionService: SessionService,\r\n  ) {\r\n  }\r\n\r\n  public canActivate(): boolean {\r\n    if (!this.sessionService.isLogged) {\r\n      this.router.navigate(['login']);\r\n      return false;\r\n    }\r\n    return true;\r\n  }\r\n}"
      ],
      "mappings": "AACA,SAAqBA,MAAM,QAAO,iBAAiB;;;;AAInD,WAAaC,SAAS;EAAhB,MAAOA,SAAS;IAEpBC,YACUC,MAAc,EACdC,cAA8B;MAD9B,KAAAD,MAAM,GAANA,MAAM;MACN,KAAAC,cAAc,GAAdA,cAAc;IAExB;IAEOC,WAAWA,CAAA;MAChB,IAAI,CAAC,IAAI,CAACD,cAAc,CAACE,QAAQ,EAAE;QACjC,IAAI,CAACH,MAAM,CAACI,QAAQ,CAAC,CAAC,OAAO,CAAC,CAAC;QAC/B,OAAO,KAAK;;MAEd,OAAO,IAAI;IACb;;;qBAdWN,SAAS,EAAAO,EAAA,CAAAC,QAAA,CAAAC,EAAA,CAAAV,MAAA,GAAAQ,EAAA,CAAAC,QAAA,CAAAE,EAAA,CAAAC,cAAA;EAAA;;WAATX,SAAS;IAAAY,OAAA,EAATZ,SAAS,CAAAa,IAAA;IAAAC,UAAA,EADG;EAAM;EAAA,OAClBd,SAAS;AAAA",
      "ignoreList": []
    },
    "_coverageSchema": "1a1c01bbd47fc00a2c39e90264f33305004495a9",
    "hash": "36cca7680d7351b116b93094192ad6f5831401c9"
  },
  "C:\\Users\\micka\\Documents\\GitHub\\Testez-une-application-full-stack\\front\\src\\app\\guards\\unauth.guard.ts": {
    "path": "C:\\Users\\micka\\Documents\\GitHub\\Testez-une-application-full-stack\\front\\src\\app\\guards\\unauth.guard.ts",
    "statementMap": {
      "0": {
        "start": {
          "line": 5,
          "column": 38
        },
        "end": {
          "line": 28,
          "column": 4
        }
      },
      "1": {
        "start": {
          "line": 8,
          "column": 6
        },
        "end": {
          "line": 8,
          "column": 27
        }
      },
      "2": {
        "start": {
          "line": 9,
          "column": 6
        },
        "end": {
          "line": 9,
          "column": 43
        }
      },
      "3": {
        "start": {
          "line": 12,
          "column": 6
        },
        "end": {
          "line": 15,
          "column": 7
        }
      },
      "4": {
        "start": {
          "line": 13,
          "column": 8
        },
        "end": {
          "line": 13,
          "column": 42
        }
      },
      "5": {
        "start": {
          "line": 14,
          "column": 8
        },
        "end": {
          "line": 14,
          "column": 21
        }
      },
      "6": {
        "start": {
          "line": 16,
          "column": 6
        },
        "end": {
          "line": 16,
          "column": 18
        }
      },
      "7": {
        "start": {
          "line": 19,
          "column": 2
        },
        "end": {
          "line": 21,
          "column": 4
        }
      },
      "8": {
        "start": {
          "line": 20,
          "column": 4
        },
        "end": {
          "line": 20,
          "column": 90
        }
      },
      "9": {
        "start": {
          "line": 22,
          "column": 2
        },
        "end": {
          "line": 26,
          "column": 5
        }
      },
      "10": {
        "start": {
          "line": 27,
          "column": 2
        },
        "end": {
          "line": 27,
          "column": 21
        }
      }
    },
    "fnMap": {
      "0": {
        "name": "(anonymous_0)",
        "decl": {
          "start": {
            "line": 5,
            "column": 39
          },
          "end": {
            "line": 5,
            "column": 40
          }
        },
        "loc": {
          "start": {
            "line": 5,
            "column": 45
          },
          "end": {
            "line": 28,
            "column": 1
          }
        },
        "line": 5
      },
      "1": {
        "name": "(anonymous_1)",
        "decl": {
          "start": {
            "line": 7,
            "column": 4
          },
          "end": {
            "line": 7,
            "column": 5
          }
        },
        "loc": {
          "start": {
            "line": 7,
            "column": 40
          },
          "end": {
            "line": 10,
            "column": 5
          }
        },
        "line": 7
      },
      "2": {
        "name": "(anonymous_2)",
        "decl": {
          "start": {
            "line": 11,
            "column": 4
          },
          "end": {
            "line": 11,
            "column": 5
          }
        },
        "loc": {
          "start": {
            "line": 11,
            "column": 18
          },
          "end": {
            "line": 17,
            "column": 5
          }
        },
        "line": 11
      },
      "3": {
        "name": "UnauthGuard_Factory",
        "decl": {
          "start": {
            "line": 19,
            "column": 30
          },
          "end": {
            "line": 19,
            "column": 49
          }
        },
        "loc": {
          "start": {
            "line": 19,
            "column": 53
          },
          "end": {
            "line": 21,
            "column": 3
          }
        },
        "line": 19
      }
    },
    "branchMap": {
      "0": {
        "loc": {
          "start": {
            "line": 12,
            "column": 6
          },
          "end": {
            "line": 15,
            "column": 7
          }
        },
        "type": "if",
        "locations": [
          {
            "start": {
              "line": 12,
              "column": 6
            },
            "end": {
              "line": 15,
              "column": 7
            }
          },
          {
            "start": {
              "line": 12,
              "column": 6
            },
            "end": {
              "line": 15,
              "column": 7
            }
          }
        ],
        "line": 12
      },
      "1": {
        "loc": {
          "start": {
            "line": 20,
            "column": 16
          },
          "end": {
            "line": 20,
            "column": 32
          }
        },
        "type": "binary-expr",
        "locations": [
          {
            "start": {
              "line": 20,
              "column": 16
            },
            "end": {
              "line": 20,
              "column": 17
            }
          },
          {
            "start": {
              "line": 20,
              "column": 21
            },
            "end": {
              "line": 20,
              "column": 32
            }
          }
        ],
        "line": 20
      }
    },
    "s": {
      "0": 35,
      "1": 34,
      "2": 34,
      "3": 38,
      "4": 0,
      "5": 0,
      "6": 38,
      "7": 35,
      "8": 34,
      "9": 35,
      "10": 35
    },
    "f": {
      "0": 35,
      "1": 34,
      "2": 38,
      "3": 34
    },
    "b": {
      "0": [
        0,
        38
      ],
      "1": [
        34,
        34
      ]
    },
    "inputSourceMap": {
      "version": 3,
      "names": [
        "Router",
        "UnauthGuard",
        "constructor",
        "router",
        "sessionService",
        "canActivate",
        "isLogged",
        "navigate",
        "i0",
        "ɵɵinject",
        "i1",
        "i2",
        "SessionService",
        "factory",
        "ɵfac",
        "providedIn"
      ],
      "sources": [
        "C:\\Users\\micka\\Documents\\GitHub\\Testez-une-application-full-stack\\front\\src\\app\\guards\\unauth.guard.ts"
      ],
      "sourcesContent": [
        "import {Injectable} from \"@angular/core\";\r\nimport {CanActivate, Router} from \"@angular/router\"; \r\nimport { SessionService } from \"../services/session.service\";\r\n\r\n@Injectable({providedIn: 'root'})\r\nexport class UnauthGuard implements CanActivate {\r\n\r\n  constructor( \r\n    private router: Router,\r\n    private sessionService: SessionService,\r\n  ) {\r\n  }\r\n\r\n  public canActivate(): boolean {\r\n    if (this.sessionService.isLogged) {\r\n      this.router.navigate(['rentals']);\r\n      return false;\r\n    }\r\n    return true;\r\n  }\r\n}"
      ],
      "mappings": "AACA,SAAqBA,MAAM,QAAO,iBAAiB;;;;AAInD,WAAaC,WAAW;EAAlB,MAAOA,WAAW;IAEtBC,YACUC,MAAc,EACdC,cAA8B;MAD9B,KAAAD,MAAM,GAANA,MAAM;MACN,KAAAC,cAAc,GAAdA,cAAc;IAExB;IAEOC,WAAWA,CAAA;MAChB,IAAI,IAAI,CAACD,cAAc,CAACE,QAAQ,EAAE;QAChC,IAAI,CAACH,MAAM,CAACI,QAAQ,CAAC,CAAC,SAAS,CAAC,CAAC;QACjC,OAAO,KAAK;;MAEd,OAAO,IAAI;IACb;;;qBAdWN,WAAW,EAAAO,EAAA,CAAAC,QAAA,CAAAC,EAAA,CAAAV,MAAA,GAAAQ,EAAA,CAAAC,QAAA,CAAAE,EAAA,CAAAC,cAAA;EAAA;;WAAXX,WAAW;IAAAY,OAAA,EAAXZ,WAAW,CAAAa,IAAA;IAAAC,UAAA,EADC;EAAM;EAAA,OAClBd,WAAW;AAAA",
      "ignoreList": []
    },
    "_coverageSchema": "1a1c01bbd47fc00a2c39e90264f33305004495a9",
    "hash": "a5741a446c80efcb07dc9938d08466656806db40"
  },
  "C:\\Users\\micka\\Documents\\GitHub\\Testez-une-application-full-stack\\front\\src\\app\\app-routing.module.ts": {
    "path": "C:\\Users\\micka\\Documents\\GitHub\\Testez-une-application-full-stack\\front\\src\\app\\app-routing.module.ts",
    "statementMap": {
      "0": {
        "start": {
          "line": 8,
          "column": 15
        },
        "end": {
          "line": 26,
          "column": 2
        }
      },
      "1": {
        "start": {
          "line": 11,
          "column": 22
        },
        "end": {
          "line": 11,
          "column": 83
        }
      },
      "2": {
        "start": {
          "line": 11,
          "column": 70
        },
        "end": {
          "line": 11,
          "column": 82
        }
      },
      "3": {
        "start": {
          "line": 15,
          "column": 22
        },
        "end": {
          "line": 15,
          "column": 95
        }
      },
      "4": {
        "start": {
          "line": 15,
          "column": 78
        },
        "end": {
          "line": 15,
          "column": 94
        }
      },
      "5": {
        "start": {
          "line": 27,
          "column": 43
        },
        "end": {
          "line": 39,
          "column": 4
        }
      },
      "6": {
        "start": {
          "line": 29,
          "column": 2
        },
        "end": {
          "line": 31,
          "column": 4
        }
      },
      "7": {
        "start": {
          "line": 30,
          "column": 4
        },
        "end": {
          "line": 30,
          "column": 41
        }
      },
      "8": {
        "start": {
          "line": 32,
          "column": 2
        },
        "end": {
          "line": 34,
          "column": 5
        }
      },
      "9": {
        "start": {
[...]
      "50": 34,
      "51": 34,
      "52": 34,
      "53": 34,
      "54": 34,
      "55": 34,
      "56": 21,
      "57": 26,
      "58": 26,
      "59": 26,
      "60": 249,
      "61": 21,
      "62": 26,
      "63": 21,
      "64": 241,
      "65": 26,
      "66": 26,
      "67": 26,
      "68": 26,
      "69": 26,
      "70": 26,
      "71": 26,
      "72": 26,
      "73": 26,
      "74": 241,
      "75": 215,
      "76": 215,
      "77": 215,
      "78": 215,
      "79": 21
    },
    "f": {
      "0": 175,
      "1": 14,
      "2": 42,
      "3": 17,
      "4": 51,
      "5": 21,
      "6": 26,
      "7": 249,
      "8": 26,
      "9": 241
    },
    "b": {
      "0": [
        19,
        156
      ],
      "1": [
        14,
        28
      ],
      "2": [
        28,
        14
      ],
      "3": [
        17,
        34
      ],
      "4": [
        34,
        17
      ],
      "5": [
        26,
        26
      ],
      "6": [
        26,
        215
      ],
      "7": [
        215,
        26
      ]
    },
    "inputSourceMap": {
      "version": 3,
      "names": [
        "i0",
        "ɵɵelementStart",
        "ɵɵtext",
        "ɵɵelementEnd",
        "ɵɵproperty",
        "ɵɵpureFunction1",
        "_c0",
        "session_r2",
        "id",
        "ɵɵelement",
        "ɵɵtemplate",
        "ListComponent_mat_card_7_button_18_Template",
        "ɵɵadvance",
        "ɵɵtextInterpolate",
        "name",
        "ɵɵtextInterpolate1",
        "ɵɵpipeBind2",
        "date",
        "description",
        "_c1",
        "ctx_r1",
        "user",
        "admin",
        "ListComponent",
        "constructor",
        "sessionService",
        "sessionApiService",
        "sessions$",
        "all",
        "sessionInformation",
        "ɵɵdirectiveInject",
        "i1",
        "SessionService",
        "i2",
        "SessionApiService",
        "selectors",
        "decls",
        "vars",
        "consts",
        "template",
        "ListComponent_Template",
        "rf",
        "ctx",
        "ListComponent_button_5_Template",
        "ListComponent_mat_card_7_Template",
        "ɵɵpipeBind1"
      ],
      "sources": [
        "C:\\Users\\micka\\Documents\\GitHub\\Testez-une-application-full-stack\\front\\src\\app\\features\\sessions\\components\\list\\list.component.ts",
        "C:\\Users\\micka\\Documents\\GitHub\\Testez-une-application-full-stack\\front\\src\\app\\features\\sessions\\components\\list\\list.component.html"
      ],
      "sourcesContent": [
        "import { Component } from '@angular/core';\r\nimport { Observable } from 'rxjs';\r\nimport { SessionInformation } from '../../../../interfaces/sessionInformation.interface';\r\nimport { SessionService } from '../../../../services/session.service';\r\nimport { Session } from '../../interfaces/session.interface';\r\nimport { SessionApiService } from '../../services/session-api.service';\r\n\r\n@Component({\r\n  selector: 'app-list',\r\n  templateUrl: './list.component.html',\r\n  styleUrls: ['./list.component.scss']\r\n})\r\nexport class ListComponent {\r\n\r\n  public sessions$: Observable<Session[]> = this.sessionApiService.all();\r\n\r\n  constructor(\r\n    private sessionService: SessionService,\r\n    private sessionApiService: SessionApiService\r\n  ) { }\r\n\r\n  get user(): SessionInformation | undefined {\r\n    return this.sessionService.sessionInformation;\r\n  }\r\n}\r\n",
        "<div class=\"list\">\r\n  <mat-card>\r\n    <mat-card-header fxLayout=\"row\" fxLayoutAlign=\"space-between center\">\r\n      <mat-card-title class=\"m0\">Rentals available</mat-card-title>\r\n      <button *ngIf=\"user!.admin\" mat-raised-button color=\"primary\" routerLink=\"create\">\r\n        <mat-icon>add</mat-icon>\r\n        <span class=\"ml1\">Create</span>\r\n      </button>\r\n    </mat-card-header>\r\n    <div class=\"items mt2\" fxLayout=\"row wrap\" fxLayout.lt-md=\"column\">\r\n      <mat-card class=\"item\" *ngFor=\"let session of (sessions$ | async)\" fxFlex>\r\n        <mat-card-header>\r\n          <mat-card-title>{{ session.name }}</mat-card-title>\r\n          <mat-card-subtitle>\r\n            Session on {{ session.date | date: 'longDate'}}\r\n          </mat-card-subtitle>\r\n        </mat-card-header>\r\n        <div mat-card-image fxLayoutAlign=\"center center\">\r\n          <img class=\"picture\" src=\"assets/sessions.png\" alt=\"Yoga session\">\r\n        </div>\r\n        <mat-card-content>\r\n          <p>\r\n            {{ session.description }}\r\n          </p>\r\n        </mat-card-content>\r\n        <mat-card-actions>\r\n          <button mat-raised-button color=\"primary\" [routerLink]=\"['detail',session.id]\">\r\n            <mat-icon>search</mat-icon>\r\n            <span class=\"ml1\">Detail</span>\r\n          </button>\r\n          <button *ngIf=\"user!.admin\" mat-raised-button color=\"primary\"\r\n                  [routerLink]=\"['update',session.id]\">\r\n            <mat-icon>edit</mat-icon>\r\n            <span class=\"ml1\">Edit</span>\r\n          </button>\r\n        </mat-card-actions>\r\n      </mat-card>\r\n    </div>\r\n  </mat-card>\r\n</div>\r\n"
      ],
      "mappings": ";;;;;;;;;;;ICIMA,EAAA,CAAAC,cAAA,gBAAkF;IACtED,EAAA,CAAAE,MAAA,UAAG;IAAAF,EAAA,CAAAG,YAAA,EAAW;IACxBH,EAAA,CAAAC,cAAA,cAAkB;IAAAD,EAAA,CAAAE,MAAA,aAAM;IAAAF,EAAA,CAAAG,YAAA,EAAO;;;;;;;;IAwB7BH,EAAA,CAAAC,cAAA,iBAC6C;IACjCD,EAAA,CAAAE,MAAA,WAAI;IAAAF,EAAA,CAAAG,YAAA,EAAW;IACzBH,EAAA,CAAAC,cAAA,cAAkB;IAAAD,EAAA,CAAAE,MAAA,WAAI;IAAAF,EAAA,CAAAG,YAAA,EAAO;;;;IAFvBH,EAAA,CAAAI,UAAA,eAAAJ,EAAA,CAAAK,eAAA,IAAAC,GAAA,EAAAC,UAAA,CAAAC,EAAA,EAAoC;;;;;;;;IArBhDR,EAAA,CAAAC,cAAA,kBAA0E;IAEtDD,EAAA,CAAAE,MAAA,GAAkB;IAAAF,EAAA,CAAAG,YAAA,EAAiB;IACnDH,EAAA,CAAAC,cAAA,wBAAmB;IACjBD,EAAA,CAAAE,MAAA,GACF;;IAAAF,EAAA,CAAAG,YAAA,EAAoB;IAEtBH,EAAA,CAAAC,cAAA,aAAkD;IAChDD,EAAA,CAAAS,SAAA,cAAkE;IACpET,EAAA,CAAAG,YAAA,EAAM;IACNH,EAAA,CAAAC,cAAA,uBAAkB;IAEdD,EAAA,CAAAE,MAAA,IACF;IAAAF,EAAA,CAAAG,YAAA,EAAI;IAENH,EAAA,CAAAC,cAAA,wBAAkB;IAEJD,EAAA,CAAAE,MAAA,cAAM;IAAAF,EAAA,CAAAG,YAAA,EAAW;IAC3BH,EAAA,CAAAC,cAAA,eAAkB;IAAAD,EAAA,CAAAE,MAAA,cAAM;IAAAF,EAAA,CAAAG,YAAA,EAAO;IAEjCH,EAAA,CAAAU,UAAA,KAAAC,2CAAA,qBAIS;IACXX,EAAA,CAAAG,YAAA,EAAmB;;;;;IAvBDH,EAAA,CAAAY,SAAA,GAAkB;IAAlBZ,EAAA,CAAAa,iBAAA,CAAAN,UAAA,CAAAO,IAAA,CAAkB;IAEhCd,EAAA,CAAAY,SAAA,GACF;IADEZ,EAAA,CAAAe,kBAAA,iBAAAf,EAAA,CAAAgB,WAAA,OAAAT,UAAA,CAAAU,IAAA,mBACF;IAOEjB,EAAA,CAAAY,SAAA,GACF;IADEZ,EAAA,CAAAe,kBAAA,MAAAR,UAAA,CAAAW,WAAA,MACF;IAG0ClB,EAAA,CAAAY,SAAA,GAAoC;IAApCZ,EAAA,CAAAI,UAAA,eAAAJ,EAAA,CAAAK,eAAA,IAAAc,GAAA,EAAAZ,UAAA,CAAAC,EAAA,EAAoC;IAIrER,EAAA,CAAAY,SAAA,GAAiB;IAAjBZ,EAAA,CAAAI,UAAA,SAAAgB,MAAA,CAAAC,IAAA,CAAAC,KAAA,CAAiB;;;ADlBpC,WAAaC,aAAa;EAApB,MAAOA,aAAa;IAIxBC,YACUC,cAA8B,EAC9BC,iBAAoC;MADpC,KAAAD,cAAc,GAAdA,cAAc;MACd,KAAAC,iBAAiB,GAAjBA,iBAAiB;MAJpB,KAAAC,SAAS,GAA0B,IAAI,CAACD,iBAAiB,CAACE,GAAG,EAAE;IAKlE;IAEJ,IAAIP,IAAIA,CAAA;MACN,OAAO,IAAI,CAACI,cAAc,CAACI,kBAAkB;IAC/C;;;qBAXWN,aAAa,EAAAvB,EAAA,CAAA8B,iBAAA,CAAAC,EAAA,CAAAC,cAAA,GAAAhC,EAAA,CAAA8B,iBAAA,CAAAG,EAAA,CAAAC,iBAAA;EAAA;;UAAbX,aAAa;IAAAY,SAAA;IAAAC,KAAA;IAAAC,IAAA;IAAAC,MAAA;IAAAC,QAAA,WAAAC,uBAAAC,EAAA,EAAAC,GAAA;MAAA,IAAAD,EAAA;QCZ1BzC,EAAA,CAAAC,cAAA,aAAkB;QAGeD,EAAA,CAAAE,MAAA,wBAAiB;QAAAF,EAAA,CAAAG,YAAA,EAAiB;QAC7DH,EAAA,CAAAU,UAAA,IAAAiC,+BAAA,oBAGS;QACX3C,EAAA,CAAAG,YAAA,EAAkB;QAClBH,EAAA,CAAAC,cAAA,aAAmE;QACjED,EAAA,CAAAU,UAAA,IAAAkC,iCAAA,wBA0BW;;QACb5C,EAAA,CAAAG,YAAA,EAAM;;;QAjCKH,EAAA,CAAAY,SAAA,GAAiB;QAAjBZ,EAAA,CAAAI,UAAA,SAAAsC,GAAA,CAAArB,IAAA,CAAAC,KAAA,CAAiB;QAMiBtB,EAAA,CAAAY,SAAA,GAAsB;QAAtBZ,EAAA,CAAAI,UAAA,YAAAJ,EAAA,CAAA6C,WAAA,OAAAH,GAAA,CAAAf,SAAA,EAAsB;;;;;;SDE1DJ,aAAa;AAAA",
      "ignoreList": []
    },
    "_coverageSchema": "1a1c01bbd47fc00a2c39e90264f33305004495a9",
    "hash": "a873203ba5be3408380c233c0ba92f1e1082a82a"
  },
  "C:\\Users\\micka\\Documents\\GitHub\\Testez-une-application-full-stack\\front\\src\\app\\features\\sessions\\sessions-routing.module.ts": {
    "path": "C:\\Users\\micka\\Documents\\GitHub\\Testez-une-application-full-stack\\front\\src\\app\\features\\sessions\\sessions-routing.module.ts",
    "statementMap": {
      "0": {
        "start": {
          "line": 7,
          "column": 15
        },
        "end": {
          "line": 23,
          "column": 2
        }
      },
      "1": {
        "start": {
          "line": 24,
          "column": 48
        },
        "end": {
          "line": 36,
          "column": 4
        }
      },
      "2": {
        "start": {
          "line": 26,
          "column": 2
        },
        "end": {
          "line": 28,
          "column": 4
        }
      },
      "3": {
        "start": {
          "line": 27,
          "column": 4
        },
        "end": {
          "line": 27,
          "column": 46
        }
      },
      "4": {
        "start": {
          "line": 29,
          "column": 2
        },
        "end": {
          "line": 31,
          "column": 5
        }
      },
      "5": {
        "start": {
          "line": 32,
          "column": 2
        },
        "end": {
          "line": 34,
          "column": 5
        }
      },
      "6": {
        "start": {
          "line": 35,
          "column": 2
        },
        "end": {
          "line": 35,
          "column": 31
        }
      }
    },
    "fnMap": {
      "0": {
        "name": "(anonymous_0)",
        "decl": {
          "start": {
            "line": 24,
            "column": 49
          },
          "end": {
            "line": 24,
            "column": 50
          }
        },
        "loc": {
          "start": {
            "line": 24,
            "column": 55
          },
          "end": {
            "line": 36,
            "column": 1
          }
        },
        "line": 24
      },
      "1": {
        "name": "SessionsRoutingModule_Factory",
        "decl": {
          "start": {
            "line": 26,
            "column": 40
          },
          "end": {
            "line": 26,
            "column": 69
          }
        },
        "loc": {
          "start": {
            "line": 26,
            "column": 73
          },
          "end": {
            "line": 28,
            "column": 3
          }
        },
        "line": 26
      }
    },
    "branchMap": {
      "0": {
        "loc": {
          "start": {
            "line": 27,
            "column": 16
          },
          "end": {
            "line": 27,
            "column": 42
          }
        },
        "type": "binary-expr",
        "locations": [
          {
            "start": {
              "line": 27,
              "column": 16
            },
            "end": {
              "line": 27,
              "column": 17
            }
          },
          {
            "start": {
              "line": 27,
              "column": 21
            },
            "end": {
              "line": 27,
              "column": 42
            }
          }
        ],
        "line": 27
      }
    },
    "s": {
      "0": 21,
      "1": 21,
      "2": 21,
      "3": 21,
      "4": 21,
      "5": 21,
      "6": 21
    },
    "f": {
      "0": 21,
      "1": 21
    },
    "b": {
      "0": [
        21,
        21
      ]
    },
    "inputSourceMap": {
      "version": 3,
      "names": [
        "RouterModule",
        "DetailComponent",
        "FormComponent",
        "ListComponent",
        "routes",
        "path",
        "title",
        "component",
        "SessionsRoutingModule",
        "forChild"
      ],
      "sources": [
        "C:\\Users\\micka\\Documents\\GitHub\\Testez-une-application-full-stack\\front\\src\\app\\features\\sessions\\sessions-routing.module.ts"
      ],
      "sourcesContent": [
        "import { NgModule } from '@angular/core';\r\nimport { RouterModule, Routes } from '@angular/router';\r\nimport { DetailComponent } from './components/detail/detail.component';\r\nimport { FormComponent } from './components/form/form.component';\r\nimport { ListComponent } from './components/list/list.component';\r\n\r\nconst routes: Routes = [\r\n  { path: '', title: 'Sessions', component: ListComponent },\r\n  { path: 'detail/:id', title: 'Sessions - detail', component: DetailComponent },\r\n  { path: 'create', title: 'Sessions - create', component: FormComponent },\r\n  { path: 'update/:id', title: 'Sessions - update', component: FormComponent }\r\n];\r\n\r\n@NgModule({\r\n  imports: [RouterModule.forChild(routes)],\r\n  exports: [RouterModule]\r\n})\r\nexport class SessionsRoutingModule {\r\n}\r\n"
      ],
      "mappings": "AACA,SAASA,YAAY,QAAgB,iBAAiB;AACtD,SAASC,eAAe,QAAQ,sCAAsC;AACtE,SAASC,aAAa,QAAQ,kCAAkC;AAChE,SAASC,aAAa,QAAQ,kCAAkC;;;AAEhE,MAAMC,MAAM,GAAW,CACrB;EAAEC,IAAI,EAAE,EAAE;EAAEC,KAAK,EAAE,UAAU;EAAEC,SAAS,EAAEJ;AAAa,CAAE,EACzD;EAAEE,IAAI,EAAE,YAAY;EAAEC,KAAK,EAAE,mBAAmB;EAAEC,SAAS,EAAEN;AAAe,CAAE,EAC9E;EAAEI,IAAI,EAAE,QAAQ;EAAEC,KAAK,EAAE,mBAAmB;EAAEC,SAAS,EAAEL;AAAa,CAAE,EACxE;EAAEG,IAAI,EAAE,YAAY;EAAEC,KAAK,EAAE,mBAAmB;EAAEC,SAAS,EAAEL;AAAa,CAAE,CAC7E;AAMD,WAAaM,qBAAqB;EAA5B,MAAOA,qBAAqB;;qBAArBA,qBAAqB;EAAA;;UAArBA;EAAqB;;cAHtBR,YAAY,CAACS,QAAQ,CAACL,MAAM,CAAC,EAC7BJ,YAAY;EAAA;EAAA,OAEXQ,qBAAqB;AAAA",
      "ignoreList": []
    },
    "_coverageSchema": "1a1c01bbd47fc00a2c39e90264f33305004495a9",
    "hash": "6b4572ffa2868167142cdebc0e8592aea41a103f"
  },
  "C:\\Users\\micka\\Documents\\GitHub\\Testez-une-application-full-stack\\front\\src\\app\\features\\sessions\\sessions.module.ts": {
    "path": "C:\\Users\\micka\\Documents\\GitHub\\Testez-une-application-full-stack\\front\\src\\app\\features\\sessions\\sessions.module.ts",
    "statementMap": {
      "0": {
        "start": {
          "line": 14,
          "column": 0
        },
        "end": {
          "line": 14,
          "column": 29
        }
      },
      "1": {
        "start": {
          "line": 15,
          "column": 24
        },
        "end": {
          "line": 15,
          "column": 143
        }
      },
      "2": {
        "start": {
          "line": 16,
          "column": 41
        },
        "end": {
          "line": 28,
          "column": 4
        }
      },
      "3": {
        "start": {
          "line": 18,
          "column": 2
        },
        "end": {
          "line": 20,
          "column": 4
        }
      },
      "4": {
        "start": {
          "line": 19,
          "column": 4
        },
        "end": {
          "line": 19,
          "column": 39
        }
      },
      "5": {
        "start": {
          "line": 21,
          "column": 2
        },
        "end": {
          "line": 23,
          "column": 5
        }
      },
      "6": {
        "start": {
          "line": 24,
          "column": 2
        },
        "end": {
          "line": 26,
          "column": 5
        }
      },
      "7": {
        "start": {
          "line": 27,
          "column": 2
        },
        "end": {
          "line": 27,
          "column": 24
        }
      }
    },
    "fnMap": {
      "0": {
        "name": "(anonymous_0)",
        "decl": {
          "start": {
            "line": 16,
            "column": 42
          },
          "end": {
            "line": 16,
            "column": 43
          }
        },
        "loc": {
          "start": {
            "line": 16,
            "column": 48
          },
          "end": {
            "line": 28,
            "column": 1
          }
        },
        "line": 16
      },
      "1": {
        "name": "SessionsModule_Factory",
        "decl": {
          "start": {
            "line": 18,
            "column": 33
          },
          "end": {
            "line": 18,
            "column": 55
          }
        },
        "loc": {
          "start": {
            "line": 18,
            "column": 59
          },
          "end": {
            "line": 20,
            "column": 3
          }
        },
        "line": 18
      }
    },
    "branchMap": {
      "0": {
        "loc": {
          "start": {
            "line": 19,
            "column": 16
          },
          "end": {
            "line": 19,
            "column": 35
          }
        },
        "type": "binary-expr",
        "locations": [
          {
            "start": {
              "line": 19,
              "column": 16
            },
            "end": {
              "line": 19,
              "column": 17
            }
          },
          {
            "start": {
              "line": 19,
              "column": 21
            },
            "end": {
              "line": 19,
              "column": 35
            }
          }
        ],
        "line": 19
      }
    },
    "s": {
      "0": 21,
      "1": 21,
      "2": 21,
      "3": 21,
      "4": 21,
      "5": 21,
      "6": 21,
      "7": 21
    },
    "f": {
      "0": 21,
      "1": 21
    },
    "b": {
      "0": [
        21,
        21
      ]
    },
    "inputSourceMap": {
      "version": 3,
      "names": [
        "CommonModule",
        "registerLocaleData",
        "FlexLayoutModule",
        "ReactiveFormsModule",
        "MatButtonModule",
        "MatCardModule",
        "MatFormFieldModule",
        "MatIconModule",
        "MatInputModule",
        "MatSelectModule",
        "MatSnackBarModule",
        "SessionsRoutingModule",
        "localeFr",
        "materialModules",
        "SessionsModule"
      ],
      "sources": [
        "C:\\Users\\micka\\Documents\\GitHub\\Testez-une-application-full-stack\\front\\src\\app\\features\\sessions\\sessions.module.ts"
      ],
      "sourcesContent": [
        "import { NgModule } from '@angular/core';\r\nimport { CommonModule, registerLocaleData } from '@angular/common';\r\nimport { FlexLayoutModule } from '@angular/flex-layout';\r\nimport { ReactiveFormsModule } from '@angular/forms';\r\nimport { MatButtonModule } from '@angular/material/button';\r\nimport { MatCardModule } from '@angular/material/card';\r\nimport { MatFormFieldModule } from '@angular/material/form-field';\r\nimport { MatIconModule } from '@angular/material/icon';\r\nimport { MatInputModule } from '@angular/material/input';\r\nimport { MatSelectModule } from '@angular/material/select';\r\nimport { MatSnackBarModule } from '@angular/material/snack-bar';\r\nimport { ListComponent } from './components/list/list.component';\r\nimport { FormComponent } from './components/form/form.component';\r\nimport { DetailComponent } from './components/detail/detail.component';\r\nimport { SessionsRoutingModule } from './sessions-routing.module';\r\nimport localeFr from '@angular/common/locales/fr';\r\nregisterLocaleData(localeFr);\r\n\r\nconst materialModules = [\r\n  MatButtonModule,\r\n  MatCardModule,\r\n  MatFormFieldModule,\r\n  MatIconModule,\r\n  MatInputModule,\r\n  MatSnackBarModule,\r\n  MatSelectModule\r\n];\r\n\r\n@NgModule({\r\n  declarations: [\r\n    ListComponent,\r\n    FormComponent,\r\n    DetailComponent\r\n  ],\r\n  imports: [\r\n    CommonModule,\r\n    FlexLayoutModule,\r\n    ReactiveFormsModule,\r\n    SessionsRoutingModule,\r\n    ...materialModules\r\n  ]\r\n})\r\nexport class SessionsModule { }\r\n"
      ],
      "mappings": "AACA,SAASA,YAAY,EAAEC,kBAAkB,QAAQ,iBAAiB;AAClE,SAASC,gBAAgB,QAAQ,sBAAsB;AACvD,SAASC,mBAAmB,QAAQ,gBAAgB;AACpD,SAASC,eAAe,QAAQ,0BAA0B;AAC1D,SAASC,aAAa,QAAQ,wBAAwB;AACtD,SAASC,kBAAkB,QAAQ,8BAA8B;AACjE,SAASC,aAAa,QAAQ,wBAAwB;AACtD,SAASC,cAAc,QAAQ,yBAAyB;AACxD,SAASC,eAAe,QAAQ,0BAA0B;AAC1D,SAASC,iBAAiB,QAAQ,6BAA6B;AAI/D,SAASC,qBAAqB,QAAQ,2BAA2B;AACjE,OAAOC,QAAQ,MAAM,4BAA4B;;AACjDX,kBAAkB,CAACW,QAAQ,CAAC;AAE5B,MAAMC,eAAe,GAAG,CACtBT,eAAe,EACfC,aAAa,EACbC,kBAAkB,EAClBC,aAAa,EACbC,cAAc,EACdE,iBAAiB,EACjBD,eAAe,CAChB;AAgBD,WAAaK,cAAc;EAArB,MAAOA,cAAc;;qBAAdA,cAAc;EAAA;;UAAdA;EAAc;;cAPvBd,YAAY,EACZE,gBAAgB,EAChBC,mBAAmB,EACnBQ,qBAAqB,EAClBE,eAAe;EAAA;EAAA,OAGTC,cAAc;AAAA",
      "ignoreList": []
    },
    "_coverageSchema": "1a1c01bbd47fc00a2c39e90264f33305004495a9",
    "hash": "ac5e3b401969652ee88b0e787a1d96bef5b68f8e"
  }
}